2021-04-08 12:36:59,114 INFO com.cg.practice.courses.courses.CoursesApplication [restartedMain] Starting CoursesApplication using Java 1.8.0_282 on LIN51010587 with PID 7888 (C:\Users\ASMANE\Downloads\courses\target\classes started by asmane in C:\Users\ASMANE\Downloads\courses)
2021-04-08 12:36:59,150 DEBUG com.cg.practice.courses.courses.CoursesApplication [restartedMain] Running with Spring Boot v2.4.2, Spring v5.3.3
2021-04-08 12:36:59,151 INFO com.cg.practice.courses.courses.CoursesApplication [restartedMain] No active profile set, falling back to default profiles: default
2021-04-08 12:36:59,416 INFO org.springframework.boot.devtools.env.DevToolsPropertyDefaultsPostProcessor [restartedMain] Devtools property defaults active! Set 'spring.devtools.add-properties' to 'false' to disable
2021-04-08 12:36:59,417 INFO org.springframework.boot.devtools.env.DevToolsPropertyDefaultsPostProcessor [restartedMain] For additional web related logging consider setting the 'logging.level.web' property to 'DEBUG'
2021-04-08 12:37:01,662 INFO org.springframework.data.repository.config.RepositoryConfigurationDelegate [restartedMain] Bootstrapping Spring Data JPA repositories in DEFAULT mode.
2021-04-08 12:37:01,805 INFO org.springframework.data.repository.config.RepositoryConfigurationDelegate [restartedMain] Finished Spring Data repository scanning in 121 ms. Found 3 JPA repository interfaces.
2021-04-08 12:37:04,182 INFO org.springframework.boot.web.embedded.tomcat.TomcatWebServer [restartedMain] Tomcat initialized with port(s): 8081 (http)
2021-04-08 12:37:04,209 INFO org.apache.coyote.http11.Http11NioProtocol [restartedMain] Initializing ProtocolHandler ["http-nio-8081"]
2021-04-08 12:37:04,211 INFO org.apache.catalina.core.StandardService [restartedMain] Starting service [Tomcat]
2021-04-08 12:37:04,211 INFO org.apache.catalina.core.StandardEngine [restartedMain] Starting Servlet engine: [Apache Tomcat/9.0.41]
2021-04-08 12:37:04,414 INFO org.apache.catalina.core.ContainerBase.[Tomcat].[localhost].[/springfox] [restartedMain] Initializing Spring embedded WebApplicationContext
2021-04-08 12:37:04,414 INFO org.springframework.boot.web.servlet.context.ServletWebServerApplicationContext [restartedMain] Root WebApplicationContext: initialization completed in 4995 ms
2021-04-08 12:37:05,055 INFO org.hibernate.jpa.internal.util.LogHelper [restartedMain] HHH000204: Processing PersistenceUnitInfo [name: default]
2021-04-08 12:37:05,211 INFO org.hibernate.Version [restartedMain] HHH000412: Hibernate ORM core version 5.4.27.Final
2021-04-08 12:37:05,713 INFO org.hibernate.annotations.common.Version [restartedMain] HCANN000001: Hibernate Commons Annotations {5.1.2.Final}
2021-04-08 12:37:06,035 INFO com.zaxxer.hikari.HikariDataSource [restartedMain] HikariPool-1 - Starting...
2021-04-08 12:37:06,695 INFO com.zaxxer.hikari.HikariDataSource [restartedMain] HikariPool-1 - Start completed.
2021-04-08 12:37:06,812 INFO org.hibernate.dialect.Dialect [restartedMain] HHH000400: Using dialect: org.hibernate.dialect.PostgreSQL10Dialect
2021-04-08 12:37:09,210 INFO org.hibernate.engine.transaction.jta.platform.internal.JtaPlatformInitiator [restartedMain] HHH000490: Using JtaPlatform implementation: [org.hibernate.engine.transaction.jta.platform.internal.NoJtaPlatform]
2021-04-08 12:37:09,238 INFO org.springframework.orm.jpa.LocalContainerEntityManagerFactoryBean [restartedMain] Initialized JPA EntityManagerFactory for persistence unit 'default'
2021-04-08 12:37:09,274 INFO org.springframework.boot.devtools.autoconfigure.OptionalLiveReloadServer [restartedMain] LiveReload server is running on port 35729
2021-04-08 12:37:10,628 WARN org.springframework.boot.autoconfigure.orm.jpa.JpaBaseConfiguration$JpaWebConfiguration [restartedMain] spring.jpa.open-in-view is enabled by default. Therefore, database queries may be performed during view rendering. Explicitly configure spring.jpa.open-in-view to disable this warning
2021-04-08 12:37:11,480 INFO org.springframework.scheduling.concurrent.ThreadPoolTaskExecutor [restartedMain] Initializing ExecutorService 'applicationTaskExecutor'
2021-04-08 12:37:12,360 INFO org.apache.coyote.http11.Http11NioProtocol [restartedMain] Starting ProtocolHandler ["http-nio-8081"]
2021-04-08 12:37:12,432 INFO org.springframework.boot.web.embedded.tomcat.TomcatWebServer [restartedMain] Tomcat started on port(s): 8081 (http) with context path '/springfox'
2021-04-08 12:37:13,184 INFO com.cg.practice.courses.courses.CoursesApplication [restartedMain] Started CoursesApplication in 15.295 seconds (JVM running for 17.062)
2021-04-08 12:38:18,292 INFO org.apache.catalina.core.ContainerBase.[Tomcat].[localhost].[/springfox] [http-nio-8081-exec-3] Initializing Spring DispatcherServlet 'dispatcherServlet'
2021-04-08 12:38:18,293 INFO org.springframework.web.servlet.DispatcherServlet [http-nio-8081-exec-3] Initializing Servlet 'dispatcherServlet'
2021-04-08 12:38:18,296 INFO org.springframework.web.servlet.DispatcherServlet [http-nio-8081-exec-3] Completed initialization in 2 ms
2021-04-08 12:40:11,312 INFO org.springframework.scheduling.concurrent.ThreadPoolTaskExecutor [Thread-6] Shutting down ExecutorService 'applicationTaskExecutor'
2021-04-08 12:40:11,326 INFO org.springframework.orm.jpa.LocalContainerEntityManagerFactoryBean [Thread-6] Closing JPA EntityManagerFactory for persistence unit 'default'
2021-04-08 12:40:11,336 INFO com.zaxxer.hikari.HikariDataSource [Thread-6] HikariPool-1 - Shutdown initiated...
2021-04-08 12:40:11,358 INFO com.zaxxer.hikari.HikariDataSource [Thread-6] HikariPool-1 - Shutdown completed.
2021-04-08 12:40:11,867 INFO com.cg.practice.courses.courses.CoursesApplication [restartedMain] Starting CoursesApplication using Java 1.8.0_282 on LIN51010587 with PID 7888 (C:\Users\ASMANE\Downloads\courses\target\classes started by asmane in C:\Users\ASMANE\Downloads\courses)
2021-04-08 12:40:11,868 DEBUG com.cg.practice.courses.courses.CoursesApplication [restartedMain] Running with Spring Boot v2.4.2, Spring v5.3.3
2021-04-08 12:40:11,869 INFO com.cg.practice.courses.courses.CoursesApplication [restartedMain] No active profile set, falling back to default profiles: default
2021-04-08 12:40:13,194 INFO org.springframework.data.repository.config.RepositoryConfigurationDelegate [restartedMain] Bootstrapping Spring Data JPA repositories in DEFAULT mode.
2021-04-08 12:40:13,240 INFO org.springframework.data.repository.config.RepositoryConfigurationDelegate [restartedMain] Finished Spring Data repository scanning in 45 ms. Found 3 JPA repository interfaces.
2021-04-08 12:40:14,091 INFO org.springframework.boot.web.embedded.tomcat.TomcatWebServer [restartedMain] Tomcat initialized with port(s): 8081 (http)
2021-04-08 12:40:14,094 INFO org.apache.coyote.http11.Http11NioProtocol [restartedMain] Initializing ProtocolHandler ["http-nio-8081"]
2021-04-08 12:40:14,095 INFO org.apache.catalina.core.StandardService [restartedMain] Starting service [Tomcat]
2021-04-08 12:40:14,096 INFO org.apache.catalina.core.StandardEngine [restartedMain] Starting Servlet engine: [Apache Tomcat/9.0.41]
2021-04-08 12:40:14,150 INFO org.apache.catalina.core.ContainerBase.[Tomcat].[localhost].[/springfox] [restartedMain] Initializing Spring embedded WebApplicationContext
2021-04-08 12:40:14,150 INFO org.springframework.boot.web.servlet.context.ServletWebServerApplicationContext [restartedMain] Root WebApplicationContext: initialization completed in 2265 ms
2021-04-08 12:40:14,230 INFO org.hibernate.jpa.internal.util.LogHelper [restartedMain] HHH000204: Processing PersistenceUnitInfo [name: default]
2021-04-08 12:40:14,242 INFO com.zaxxer.hikari.HikariDataSource [restartedMain] HikariPool-2 - Starting...
2021-04-08 12:40:14,547 INFO com.zaxxer.hikari.HikariDataSource [restartedMain] HikariPool-2 - Start completed.
2021-04-08 12:40:14,548 INFO org.hibernate.dialect.Dialect [restartedMain] HHH000400: Using dialect: org.hibernate.dialect.PostgreSQL10Dialect
2021-04-08 12:40:15,023 ERROR org.springframework.orm.jpa.LocalContainerEntityManagerFactoryBean [restartedMain] Failed to initialize JPA EntityManagerFactory: mappedBy reference an unknown target entity property: com.cg.practice.courses.courses.entity.Courses.staff in com.cg.practice.courses.courses.entity.Staff.course
2021-04-08 12:40:15,025 WARN org.springframework.boot.web.servlet.context.AnnotationConfigServletWebServerApplicationContext [restartedMain] Exception encountered during context initialization - cancelling refresh attempt: org.springframework.beans.factory.BeanCreationException: Error creating bean with name 'entityManagerFactory' defined in class path resource [org/springframework/boot/autoconfigure/orm/jpa/HibernateJpaConfiguration.class]: Invocation of init method failed; nested exception is org.hibernate.AnnotationException: mappedBy reference an unknown target entity property: com.cg.practice.courses.courses.entity.Courses.staff in com.cg.practice.courses.courses.entity.Staff.course
2021-04-08 12:40:15,025 INFO com.zaxxer.hikari.HikariDataSource [restartedMain] HikariPool-2 - Shutdown initiated...
2021-04-08 12:40:15,266 INFO com.zaxxer.hikari.HikariDataSource [restartedMain] HikariPool-2 - Shutdown completed.
2021-04-08 12:40:15,266 INFO org.apache.catalina.core.StandardService [restartedMain] Stopping service [Tomcat]
2021-04-08 12:40:15,283 INFO org.springframework.boot.autoconfigure.logging.ConditionEvaluationReportLoggingListener [restartedMain] 

Error starting ApplicationContext. To display the conditions report re-run your application with 'debug' enabled.
2021-04-08 12:40:15,346 ERROR org.springframework.boot.SpringApplication [restartedMain] Application run failed
org.springframework.beans.factory.BeanCreationException: Error creating bean with name 'entityManagerFactory' defined in class path resource [org/springframework/boot/autoconfigure/orm/jpa/HibernateJpaConfiguration.class]: Invocation of init method failed; nested exception is org.hibernate.AnnotationException: mappedBy reference an unknown target entity property: com.cg.practice.courses.courses.entity.Courses.staff in com.cg.practice.courses.courses.entity.Staff.course
	at org.springframework.beans.factory.support.AbstractAutowireCapableBeanFactory.initializeBean(AbstractAutowireCapableBeanFactory.java:1788)
	at org.springframework.beans.factory.support.AbstractAutowireCapableBeanFactory.doCreateBean(AbstractAutowireCapableBeanFactory.java:609)
	at org.springframework.beans.factory.support.AbstractAutowireCapableBeanFactory.createBean(AbstractAutowireCapableBeanFactory.java:531)
	at org.springframework.beans.factory.support.AbstractBeanFactory.lambda$doGetBean$0(AbstractBeanFactory.java:335)
	at org.springframework.beans.factory.support.DefaultSingletonBeanRegistry.getSingleton(DefaultSingletonBeanRegistry.java:234)
	at org.springframework.beans.factory.support.AbstractBeanFactory.doGetBean(AbstractBeanFactory.java:333)
	at org.springframework.beans.factory.support.AbstractBeanFactory.getBean(AbstractBeanFactory.java:208)
	at org.springframework.context.support.AbstractApplicationContext.getBean(AbstractApplicationContext.java:1159)
	at org.springframework.context.support.AbstractApplicationContext.finishBeanFactoryInitialization(AbstractApplicationContext.java:913)
	at org.springframework.context.support.AbstractApplicationContext.refresh(AbstractApplicationContext.java:588)
	at org.springframework.boot.web.servlet.context.ServletWebServerApplicationContext.refresh(ServletWebServerApplicationContext.java:144)
	at org.springframework.boot.SpringApplication.refresh(SpringApplication.java:767)
	at org.springframework.boot.SpringApplication.refresh(SpringApplication.java:759)
	at org.springframework.boot.SpringApplication.refreshContext(SpringApplication.java:426)
	at org.springframework.boot.SpringApplication.run(SpringApplication.java:326)
	at org.springframework.boot.SpringApplication.run(SpringApplication.java:1311)
	at org.springframework.boot.SpringApplication.run(SpringApplication.java:1300)
	at com.cg.practice.courses.courses.CoursesApplication.main(CoursesApplication.java:23)
	at sun.reflect.NativeMethodAccessorImpl.invoke0(Native Method)
	at sun.reflect.NativeMethodAccessorImpl.invoke(NativeMethodAccessorImpl.java:62)
	at sun.reflect.DelegatingMethodAccessorImpl.invoke(DelegatingMethodAccessorImpl.java:43)
	at java.lang.reflect.Method.invoke(Method.java:498)
	at org.springframework.boot.devtools.restart.RestartLauncher.run(RestartLauncher.java:49)
Caused by: org.hibernate.AnnotationException: mappedBy reference an unknown target entity property: com.cg.practice.courses.courses.entity.Courses.staff in com.cg.practice.courses.courses.entity.Staff.course
	at org.hibernate.cfg.annotations.CollectionBinder.bindStarToManySecondPass(CollectionBinder.java:844)
	at org.hibernate.cfg.annotations.CollectionBinder$1.secondPass(CollectionBinder.java:795)
	at org.hibernate.cfg.CollectionSecondPass.doSecondPass(CollectionSecondPass.java:53)
	at org.hibernate.boot.internal.InFlightMetadataCollectorImpl.processSecondPasses(InFlightMetadataCollectorImpl.java:1693)
	at org.hibernate.boot.internal.InFlightMetadataCollectorImpl.processSecondPasses(InFlightMetadataCollectorImpl.java:1661)
	at org.hibernate.boot.model.process.spi.MetadataBuildingProcess.complete(MetadataBuildingProcess.java:295)
	at org.hibernate.jpa.boot.internal.EntityManagerFactoryBuilderImpl.metadata(EntityManagerFactoryBuilderImpl.java:1224)
	at org.hibernate.jpa.boot.internal.EntityManagerFactoryBuilderImpl.build(EntityManagerFactoryBuilderImpl.java:1255)
	at org.springframework.orm.jpa.vendor.SpringHibernateJpaPersistenceProvider.createContainerEntityManagerFactory(SpringHibernateJpaPersistenceProvider.java:58)
	at org.springframework.orm.jpa.LocalContainerEntityManagerFactoryBean.createNativeEntityManagerFactory(LocalContainerEntityManagerFactoryBean.java:365)
	at org.springframework.orm.jpa.AbstractEntityManagerFactoryBean.buildNativeEntityManagerFactory(AbstractEntityManagerFactoryBean.java:409)
	at org.springframework.orm.jpa.AbstractEntityManagerFactoryBean.afterPropertiesSet(AbstractEntityManagerFactoryBean.java:396)
	at org.springframework.orm.jpa.LocalContainerEntityManagerFactoryBean.afterPropertiesSet(LocalContainerEntityManagerFactoryBean.java:341)
	at org.springframework.beans.factory.support.AbstractAutowireCapableBeanFactory.invokeInitMethods(AbstractAutowireCapableBeanFactory.java:1847)
	at org.springframework.beans.factory.support.AbstractAutowireCapableBeanFactory.initializeBean(AbstractAutowireCapableBeanFactory.java:1784)
	... 22 common frames omitted
2021-04-08 12:40:17,021 INFO com.cg.practice.courses.courses.CoursesApplication [restartedMain] Starting CoursesApplication using Java 1.8.0_282 on LIN51010587 with PID 7888 (C:\Users\ASMANE\Downloads\courses\target\classes started by asmane in C:\Users\ASMANE\Downloads\courses)
2021-04-08 12:40:17,021 DEBUG com.cg.practice.courses.courses.CoursesApplication [restartedMain] Running with Spring Boot v2.4.2, Spring v5.3.3
2021-04-08 12:40:17,021 INFO com.cg.practice.courses.courses.CoursesApplication [restartedMain] No active profile set, falling back to default profiles: default
2021-04-08 12:40:17,827 INFO org.springframework.data.repository.config.RepositoryConfigurationDelegate [restartedMain] Bootstrapping Spring Data JPA repositories in DEFAULT mode.
2021-04-08 12:40:17,859 INFO org.springframework.data.repository.config.RepositoryConfigurationDelegate [restartedMain] Finished Spring Data repository scanning in 31 ms. Found 3 JPA repository interfaces.
2021-04-08 12:40:18,185 INFO org.springframework.boot.web.embedded.tomcat.TomcatWebServer [restartedMain] Tomcat initialized with port(s): 8081 (http)
2021-04-08 12:40:18,186 INFO org.apache.coyote.http11.Http11NioProtocol [restartedMain] Initializing ProtocolHandler ["http-nio-8081"]
2021-04-08 12:40:18,186 INFO org.apache.catalina.core.StandardService [restartedMain] Starting service [Tomcat]
2021-04-08 12:40:18,187 INFO org.apache.catalina.core.StandardEngine [restartedMain] Starting Servlet engine: [Apache Tomcat/9.0.41]
2021-04-08 12:40:18,229 INFO org.apache.catalina.core.ContainerBase.[Tomcat-1].[localhost].[/springfox] [restartedMain] Initializing Spring embedded WebApplicationContext
2021-04-08 12:40:18,229 INFO org.springframework.boot.web.servlet.context.ServletWebServerApplicationContext [restartedMain] Root WebApplicationContext: initialization completed in 1203 ms
2021-04-08 12:40:18,294 INFO org.hibernate.jpa.internal.util.LogHelper [restartedMain] HHH000204: Processing PersistenceUnitInfo [name: default]
2021-04-08 12:40:18,302 INFO com.zaxxer.hikari.HikariDataSource [restartedMain] HikariPool-3 - Starting...
2021-04-08 12:40:18,610 INFO com.zaxxer.hikari.HikariDataSource [restartedMain] HikariPool-3 - Start completed.
2021-04-08 12:40:18,611 INFO org.hibernate.dialect.Dialect [restartedMain] HHH000400: Using dialect: org.hibernate.dialect.PostgreSQL10Dialect
2021-04-08 12:40:19,000 ERROR org.springframework.orm.jpa.LocalContainerEntityManagerFactoryBean [restartedMain] Failed to initialize JPA EntityManagerFactory: mappedBy reference an unknown target entity property: com.cg.practice.courses.courses.entity.Courses.staff in com.cg.practice.courses.courses.entity.Staff.course
2021-04-08 12:40:19,001 WARN org.springframework.boot.web.servlet.context.AnnotationConfigServletWebServerApplicationContext [restartedMain] Exception encountered during context initialization - cancelling refresh attempt: org.springframework.beans.factory.BeanCreationException: Error creating bean with name 'entityManagerFactory' defined in class path resource [org/springframework/boot/autoconfigure/orm/jpa/HibernateJpaConfiguration.class]: Invocation of init method failed; nested exception is org.hibernate.AnnotationException: mappedBy reference an unknown target entity property: com.cg.practice.courses.courses.entity.Courses.staff in com.cg.practice.courses.courses.entity.Staff.course
2021-04-08 12:40:19,001 INFO com.zaxxer.hikari.HikariDataSource [restartedMain] HikariPool-3 - Shutdown initiated...
2021-04-08 12:40:19,077 INFO com.zaxxer.hikari.HikariDataSource [restartedMain] HikariPool-3 - Shutdown completed.
2021-04-08 12:40:19,078 INFO org.apache.catalina.core.StandardService [restartedMain] Stopping service [Tomcat]
2021-04-08 12:40:19,087 INFO org.springframework.boot.autoconfigure.logging.ConditionEvaluationReportLoggingListener [restartedMain] 

Error starting ApplicationContext. To display the conditions report re-run your application with 'debug' enabled.
2021-04-08 12:40:19,093 ERROR org.springframework.boot.SpringApplication [restartedMain] Application run failed
org.springframework.beans.factory.BeanCreationException: Error creating bean with name 'entityManagerFactory' defined in class path resource [org/springframework/boot/autoconfigure/orm/jpa/HibernateJpaConfiguration.class]: Invocation of init method failed; nested exception is org.hibernate.AnnotationException: mappedBy reference an unknown target entity property: com.cg.practice.courses.courses.entity.Courses.staff in com.cg.practice.courses.courses.entity.Staff.course
	at org.springframework.beans.factory.support.AbstractAutowireCapableBeanFactory.initializeBean(AbstractAutowireCapableBeanFactory.java:1788)
	at org.springframework.beans.factory.support.AbstractAutowireCapableBeanFactory.doCreateBean(AbstractAutowireCapableBeanFactory.java:609)
	at org.springframework.beans.factory.support.AbstractAutowireCapableBeanFactory.createBean(AbstractAutowireCapableBeanFactory.java:531)
	at org.springframework.beans.factory.support.AbstractBeanFactory.lambda$doGetBean$0(AbstractBeanFactory.java:335)
	at org.springframework.beans.factory.support.DefaultSingletonBeanRegistry.getSingleton(DefaultSingletonBeanRegistry.java:234)
	at org.springframework.beans.factory.support.AbstractBeanFactory.doGetBean(AbstractBeanFactory.java:333)
	at org.springframework.beans.factory.support.AbstractBeanFactory.getBean(AbstractBeanFactory.java:208)
	at org.springframework.context.support.AbstractApplicationContext.getBean(AbstractApplicationContext.java:1159)
	at org.springframework.context.support.AbstractApplicationContext.finishBeanFactoryInitialization(AbstractApplicationContext.java:913)
	at org.springframework.context.support.AbstractApplicationContext.refresh(AbstractApplicationContext.java:588)
	at org.springframework.boot.web.servlet.context.ServletWebServerApplicationContext.refresh(ServletWebServerApplicationContext.java:144)
	at org.springframework.boot.SpringApplication.refresh(SpringApplication.java:767)
	at org.springframework.boot.SpringApplication.refresh(SpringApplication.java:759)
	at org.springframework.boot.SpringApplication.refreshContext(SpringApplication.java:426)
	at org.springframework.boot.SpringApplication.run(SpringApplication.java:326)
	at org.springframework.boot.SpringApplication.run(SpringApplication.java:1311)
	at org.springframework.boot.SpringApplication.run(SpringApplication.java:1300)
	at com.cg.practice.courses.courses.CoursesApplication.main(CoursesApplication.java:23)
	at sun.reflect.NativeMethodAccessorImpl.invoke0(Native Method)
	at sun.reflect.NativeMethodAccessorImpl.invoke(NativeMethodAccessorImpl.java:62)
	at sun.reflect.DelegatingMethodAccessorImpl.invoke(DelegatingMethodAccessorImpl.java:43)
	at java.lang.reflect.Method.invoke(Method.java:498)
	at org.springframework.boot.devtools.restart.RestartLauncher.run(RestartLauncher.java:49)
Caused by: org.hibernate.AnnotationException: mappedBy reference an unknown target entity property: com.cg.practice.courses.courses.entity.Courses.staff in com.cg.practice.courses.courses.entity.Staff.course
	at org.hibernate.cfg.annotations.CollectionBinder.bindStarToManySecondPass(CollectionBinder.java:844)
	at org.hibernate.cfg.annotations.CollectionBinder$1.secondPass(CollectionBinder.java:795)
	at org.hibernate.cfg.CollectionSecondPass.doSecondPass(CollectionSecondPass.java:53)
	at org.hibernate.boot.internal.InFlightMetadataCollectorImpl.processSecondPasses(InFlightMetadataCollectorImpl.java:1693)
	at org.hibernate.boot.internal.InFlightMetadataCollectorImpl.processSecondPasses(InFlightMetadataCollectorImpl.java:1661)
	at org.hibernate.boot.model.process.spi.MetadataBuildingProcess.complete(MetadataBuildingProcess.java:295)
	at org.hibernate.jpa.boot.internal.EntityManagerFactoryBuilderImpl.metadata(EntityManagerFactoryBuilderImpl.java:1224)
	at org.hibernate.jpa.boot.internal.EntityManagerFactoryBuilderImpl.build(EntityManagerFactoryBuilderImpl.java:1255)
	at org.springframework.orm.jpa.vendor.SpringHibernateJpaPersistenceProvider.createContainerEntityManagerFactory(SpringHibernateJpaPersistenceProvider.java:58)
	at org.springframework.orm.jpa.LocalContainerEntityManagerFactoryBean.createNativeEntityManagerFactory(LocalContainerEntityManagerFactoryBean.java:365)
	at org.springframework.orm.jpa.AbstractEntityManagerFactoryBean.buildNativeEntityManagerFactory(AbstractEntityManagerFactoryBean.java:409)
	at org.springframework.orm.jpa.AbstractEntityManagerFactoryBean.afterPropertiesSet(AbstractEntityManagerFactoryBean.java:396)
	at org.springframework.orm.jpa.LocalContainerEntityManagerFactoryBean.afterPropertiesSet(LocalContainerEntityManagerFactoryBean.java:341)
	at org.springframework.beans.factory.support.AbstractAutowireCapableBeanFactory.invokeInitMethods(AbstractAutowireCapableBeanFactory.java:1847)
	at org.springframework.beans.factory.support.AbstractAutowireCapableBeanFactory.initializeBean(AbstractAutowireCapableBeanFactory.java:1784)
	... 22 common frames omitted
2021-04-08 12:41:29,722 INFO com.cg.practice.courses.courses.CoursesApplication [restartedMain] Starting CoursesApplication using Java 1.8.0_282 on LIN51010587 with PID 7888 (C:\Users\ASMANE\Downloads\courses\target\classes started by asmane in C:\Users\ASMANE\Downloads\courses)
2021-04-08 12:41:29,723 DEBUG com.cg.practice.courses.courses.CoursesApplication [restartedMain] Running with Spring Boot v2.4.2, Spring v5.3.3
2021-04-08 12:41:29,724 INFO com.cg.practice.courses.courses.CoursesApplication [restartedMain] No active profile set, falling back to default profiles: default
2021-04-08 12:41:30,685 INFO org.springframework.data.repository.config.RepositoryConfigurationDelegate [restartedMain] Bootstrapping Spring Data JPA repositories in DEFAULT mode.
2021-04-08 12:41:30,716 INFO org.springframework.data.repository.config.RepositoryConfigurationDelegate [restartedMain] Finished Spring Data repository scanning in 30 ms. Found 3 JPA repository interfaces.
2021-04-08 12:41:31,204 INFO org.springframework.boot.web.embedded.tomcat.TomcatWebServer [restartedMain] Tomcat initialized with port(s): 8081 (http)
2021-04-08 12:41:31,208 INFO org.apache.coyote.http11.Http11NioProtocol [restartedMain] Initializing ProtocolHandler ["http-nio-8081"]
2021-04-08 12:41:31,208 INFO org.apache.catalina.core.StandardService [restartedMain] Starting service [Tomcat]
2021-04-08 12:41:31,209 INFO org.apache.catalina.core.StandardEngine [restartedMain] Starting Servlet engine: [Apache Tomcat/9.0.41]
2021-04-08 12:41:31,275 INFO org.apache.catalina.core.ContainerBase.[Tomcat-2].[localhost].[/springfox] [restartedMain] Initializing Spring embedded WebApplicationContext
2021-04-08 12:41:31,275 INFO org.springframework.boot.web.servlet.context.ServletWebServerApplicationContext [restartedMain] Root WebApplicationContext: initialization completed in 1546 ms
2021-04-08 12:41:31,347 INFO org.hibernate.jpa.internal.util.LogHelper [restartedMain] HHH000204: Processing PersistenceUnitInfo [name: default]
2021-04-08 12:41:31,357 INFO com.zaxxer.hikari.HikariDataSource [restartedMain] HikariPool-4 - Starting...
2021-04-08 12:41:31,692 INFO com.zaxxer.hikari.HikariDataSource [restartedMain] HikariPool-4 - Start completed.
2021-04-08 12:41:31,693 INFO org.hibernate.dialect.Dialect [restartedMain] HHH000400: Using dialect: org.hibernate.dialect.PostgreSQL10Dialect
2021-04-08 12:41:32,178 INFO org.hibernate.engine.transaction.jta.platform.internal.JtaPlatformInitiator [restartedMain] HHH000490: Using JtaPlatform implementation: [org.hibernate.engine.transaction.jta.platform.internal.NoJtaPlatform]
2021-04-08 12:41:32,178 INFO org.springframework.orm.jpa.LocalContainerEntityManagerFactoryBean [restartedMain] Initialized JPA EntityManagerFactory for persistence unit 'default'
2021-04-08 12:41:32,193 INFO org.springframework.boot.devtools.autoconfigure.OptionalLiveReloadServer [restartedMain] LiveReload server is running on port 35729
2021-04-08 12:41:32,537 WARN org.springframework.boot.autoconfigure.orm.jpa.JpaBaseConfiguration$JpaWebConfiguration [restartedMain] spring.jpa.open-in-view is enabled by default. Therefore, database queries may be performed during view rendering. Explicitly configure spring.jpa.open-in-view to disable this warning
2021-04-08 12:41:32,840 INFO org.springframework.scheduling.concurrent.ThreadPoolTaskExecutor [restartedMain] Initializing ExecutorService 'applicationTaskExecutor'
2021-04-08 12:41:32,983 INFO org.apache.coyote.http11.Http11NioProtocol [restartedMain] Starting ProtocolHandler ["http-nio-8081"]
2021-04-08 12:41:33,002 INFO org.springframework.boot.web.embedded.tomcat.TomcatWebServer [restartedMain] Tomcat started on port(s): 8081 (http) with context path '/springfox'
2021-04-08 12:41:33,309 INFO com.cg.practice.courses.courses.CoursesApplication [restartedMain] Started CoursesApplication in 3.738 seconds (JVM running for 277.189)
2021-04-08 12:41:33,326 INFO org.springframework.boot.devtools.autoconfigure.ConditionEvaluationDeltaLoggingListener [restartedMain] Condition evaluation unchanged
2021-04-08 12:41:36,012 INFO org.apache.catalina.core.ContainerBase.[Tomcat-2].[localhost].[/springfox] [http-nio-8081-exec-1] Initializing Spring DispatcherServlet 'dispatcherServlet'
2021-04-08 12:41:36,014 INFO org.springframework.web.servlet.DispatcherServlet [http-nio-8081-exec-1] Initializing Servlet 'dispatcherServlet'
2021-04-08 12:41:36,015 INFO org.springframework.web.servlet.DispatcherServlet [http-nio-8081-exec-1] Completed initialization in 1 ms
2021-04-08 12:43:07,019 INFO com.cg.practice.courses.courses.controller.CoursesController [http-nio-8081-exec-8] Course:0 added to database
2021-04-08 12:43:09,627 INFO com.cg.practice.courses.courses.controller.CoursesController [http-nio-8081-exec-6] Course:0 added to database
2021-04-08 12:43:38,811 INFO com.cg.practice.courses.courses.controller.CoursesController [http-nio-8081-exec-1] Course:0 added to database
2021-04-08 12:43:53,487 INFO com.cg.practice.courses.courses.controller.CoursesController [http-nio-8081-exec-3] Returning all courses details
2021-04-08 12:44:16,729 INFO com.cg.practice.courses.courses.controller.CoursesController [http-nio-8081-exec-5] Course addedCourses(id=1, courseName=rdbms, startDate=2021-04-08, endDate=2021-04-08)
2021-04-08 12:44:39,479 INFO com.cg.practice.courses.courses.controller.CoursesController [http-nio-8081-exec-8] Course: 2 deleted from database
2021-04-08 12:44:47,620 INFO com.cg.practice.courses.courses.controller.CoursesController [http-nio-8081-exec-6] Returning all courses details
2021-04-08 12:45:03,879 INFO com.cg.practice.courses.courses.controller.CoursesController [http-nio-8081-exec-1] Course:0 added to database
2021-04-08 12:45:23,495 INFO com.cg.practice.courses.courses.controller.CoursesController [http-nio-8081-exec-3] Returning all courses details
2021-04-08 12:45:50,735 INFO com.cg.practice.courses.courses.controller.CoursesController [http-nio-8081-exec-5] Course: 4 updated
2021-04-08 12:46:07,942 INFO com.cg.practice.courses.courses.controller.CoursesController [http-nio-8081-exec-8] Returning all courses details
2021-04-08 14:51:48,192 WARN org.hibernate.engine.jdbc.spi.SqlExceptionHelper [http-nio-8081-exec-1] SQL Error: 0, SQLState: 23502
2021-04-08 14:51:48,201 ERROR org.hibernate.engine.jdbc.spi.SqlExceptionHelper [http-nio-8081-exec-1] ERROR: null value in column "student_id" violates not-null constraint
  Detail: Failing row contains (8, rushi123.com, rushi, mane, 8954673412, rushi123, null, null, null, null).
2021-04-08 14:51:48,361 WARN org.springframework.web.servlet.mvc.method.annotation.ExceptionHandlerExceptionResolver [http-nio-8081-exec-1] Resolved [org.springframework.dao.DataIntegrityViolationException: could not execute statement; SQL [n/a]; constraint [student_id]; nested exception is org.hibernate.exception.ConstraintViolationException: could not execute statement]
2021-04-08 14:52:32,750 WARN org.hibernate.engine.jdbc.spi.SqlExceptionHelper [http-nio-8081-exec-2] SQL Error: 0, SQLState: 23502
2021-04-08 14:52:32,751 ERROR org.hibernate.engine.jdbc.spi.SqlExceptionHelper [http-nio-8081-exec-2] ERROR: null value in column "student_id" violates not-null constraint
  Detail: Failing row contains (9, rushi123.com, rushi, mane, 8954673412, rushi123, null, null, null, null).
2021-04-08 14:52:32,758 WARN org.springframework.web.servlet.mvc.method.annotation.ExceptionHandlerExceptionResolver [http-nio-8081-exec-2] Resolved [org.springframework.dao.DataIntegrityViolationException: could not execute statement; SQL [n/a]; constraint [student_id]; nested exception is org.hibernate.exception.ConstraintViolationException: could not execute statement]
2021-04-08 14:52:47,843 WARN org.hibernate.engine.jdbc.spi.SqlExceptionHelper [http-nio-8081-exec-3] SQL Error: 0, SQLState: 23502
2021-04-08 14:52:47,845 ERROR org.hibernate.engine.jdbc.spi.SqlExceptionHelper [http-nio-8081-exec-3] ERROR: null value in column "student_id" violates not-null constraint
  Detail: Failing row contains (10, rushi123.com, rushi, mane, 8954673412, rushi123, null, null, null, null).
2021-04-08 14:52:47,850 WARN org.springframework.web.servlet.mvc.method.annotation.ExceptionHandlerExceptionResolver [http-nio-8081-exec-3] Resolved [org.springframework.dao.DataIntegrityViolationException: could not execute statement; SQL [n/a]; constraint [student_id]; nested exception is org.hibernate.exception.ConstraintViolationException: could not execute statement]
2021-04-08 14:54:21,465 INFO com.cg.practice.courses.courses.controller.StudentController [http-nio-8081-exec-10] Student:sona added to database
2021-04-08 14:54:39,500 INFO com.cg.practice.courses.courses.controller.StudentController [http-nio-8081-exec-7] Student:sona added to database
2021-04-08 14:55:07,184 INFO com.cg.practice.courses.courses.controller.StudentController [http-nio-8081-exec-9] Returning all student details
2021-04-08 14:55:46,999 WARN org.springframework.web.servlet.mvc.method.annotation.ExceptionHandlerExceptionResolver [http-nio-8081-exec-2] Resolved [org.springframework.web.bind.MissingPathVariableException: Missing URI template variable 'studentid' for method parameter of type Integer]
2021-04-08 14:57:24,848 INFO com.cg.practice.courses.courses.controller.StudentController [http-nio-8081-exec-3] Student: 11 updated
2021-04-08 14:57:34,257 INFO com.cg.practice.courses.courses.controller.StudentController [http-nio-8081-exec-5] Returning all student details
2021-04-08 14:57:54,252 INFO com.cg.practice.courses.courses.controller.StudentController [http-nio-8081-exec-8] Student:sona added to database
2021-04-08 14:58:12,228 INFO com.cg.practice.courses.courses.controller.StudentController [http-nio-8081-exec-6] Returning all student details
2021-04-08 14:58:43,148 INFO com.cg.practice.courses.courses.controller.StudentController [http-nio-8081-exec-1] Student: 13 deleted from database
2021-04-08 14:58:53,761 INFO com.cg.practice.courses.courses.controller.StudentController [http-nio-8081-exec-3] Returning all student details
2021-04-08 14:59:06,855 WARN org.springframework.web.servlet.mvc.method.annotation.ExceptionHandlerExceptionResolver [http-nio-8081-exec-5] Resolved [org.springframework.web.bind.MissingPathVariableException: Missing URI template variable 'studentid' for method parameter of type Integer]
2021-04-08 15:00:41,940 WARN org.hibernate.engine.jdbc.spi.SqlExceptionHelper [http-nio-8081-exec-8] SQL Error: 0, SQLState: 23502
2021-04-08 15:00:41,941 ERROR org.hibernate.engine.jdbc.spi.SqlExceptionHelper [http-nio-8081-exec-8] ERROR: null value in column "student_id" violates not-null constraint
  Detail: Failing row contains (14, rushi@gmail.com, rushi, mane, 8978656790, rushi123, null, null, null, null).
2021-04-08 15:00:41,948 WARN org.springframework.web.servlet.mvc.method.annotation.ExceptionHandlerExceptionResolver [http-nio-8081-exec-8] Resolved [org.springframework.dao.DataIntegrityViolationException: could not execute statement; SQL [n/a]; constraint [student_id]; nested exception is org.hibernate.exception.ConstraintViolationException: could not execute statement]
2021-04-08 15:01:02,303 INFO com.cg.practice.courses.courses.controller.StaffController [http-nio-8081-exec-7] Returning all staff details
2021-04-08 15:08:26,300 INFO com.cg.practice.courses.courses.CoursesApplication [restartedMain] Starting CoursesApplication using Java 1.8.0_282 on LIN51010587 with PID 18808 (C:\Users\ASMANE\Downloads\courses\target\classes started by asmane in C:\Users\ASMANE\Downloads\courses)
2021-04-08 15:08:26,305 DEBUG com.cg.practice.courses.courses.CoursesApplication [restartedMain] Running with Spring Boot v2.4.2, Spring v5.3.3
2021-04-08 15:08:26,305 INFO com.cg.practice.courses.courses.CoursesApplication [restartedMain] No active profile set, falling back to default profiles: default
2021-04-08 15:08:26,458 INFO org.springframework.boot.devtools.env.DevToolsPropertyDefaultsPostProcessor [restartedMain] Devtools property defaults active! Set 'spring.devtools.add-properties' to 'false' to disable
2021-04-08 15:08:26,459 INFO org.springframework.boot.devtools.env.DevToolsPropertyDefaultsPostProcessor [restartedMain] For additional web related logging consider setting the 'logging.level.web' property to 'DEBUG'
2021-04-08 15:08:28,575 INFO org.springframework.data.repository.config.RepositoryConfigurationDelegate [restartedMain] Bootstrapping Spring Data JPA repositories in DEFAULT mode.
2021-04-08 15:08:28,721 INFO org.springframework.data.repository.config.RepositoryConfigurationDelegate [restartedMain] Finished Spring Data repository scanning in 120 ms. Found 3 JPA repository interfaces.
2021-04-08 15:08:31,438 INFO org.springframework.boot.web.embedded.tomcat.TomcatWebServer [restartedMain] Tomcat initialized with port(s): 8081 (http)
2021-04-08 15:08:31,473 INFO org.apache.coyote.http11.Http11NioProtocol [restartedMain] Initializing ProtocolHandler ["http-nio-8081"]
2021-04-08 15:08:31,475 INFO org.apache.catalina.core.StandardService [restartedMain] Starting service [Tomcat]
2021-04-08 15:08:31,476 INFO org.apache.catalina.core.StandardEngine [restartedMain] Starting Servlet engine: [Apache Tomcat/9.0.41]
2021-04-08 15:08:31,746 INFO org.apache.catalina.core.ContainerBase.[Tomcat].[localhost].[/springfox] [restartedMain] Initializing Spring embedded WebApplicationContext
2021-04-08 15:08:31,747 INFO org.springframework.boot.web.servlet.context.ServletWebServerApplicationContext [restartedMain] Root WebApplicationContext: initialization completed in 5287 ms
2021-04-08 15:08:32,550 INFO org.hibernate.jpa.internal.util.LogHelper [restartedMain] HHH000204: Processing PersistenceUnitInfo [name: default]
2021-04-08 15:08:32,748 INFO org.hibernate.Version [restartedMain] HHH000412: Hibernate ORM core version 5.4.27.Final
2021-04-08 15:08:33,291 INFO org.hibernate.annotations.common.Version [restartedMain] HCANN000001: Hibernate Commons Annotations {5.1.2.Final}
2021-04-08 15:08:33,649 INFO com.zaxxer.hikari.HikariDataSource [restartedMain] HikariPool-1 - Starting...
2021-04-08 15:08:34,282 INFO com.zaxxer.hikari.HikariDataSource [restartedMain] HikariPool-1 - Start completed.
2021-04-08 15:08:34,393 INFO org.hibernate.dialect.Dialect [restartedMain] HHH000400: Using dialect: org.hibernate.dialect.PostgreSQL10Dialect
2021-04-08 15:08:36,712 INFO org.hibernate.engine.transaction.jta.platform.internal.JtaPlatformInitiator [restartedMain] HHH000490: Using JtaPlatform implementation: [org.hibernate.engine.transaction.jta.platform.internal.NoJtaPlatform]
2021-04-08 15:08:36,734 INFO org.springframework.orm.jpa.LocalContainerEntityManagerFactoryBean [restartedMain] Initialized JPA EntityManagerFactory for persistence unit 'default'
2021-04-08 15:08:36,776 WARN org.springframework.boot.devtools.autoconfigure.OptionalLiveReloadServer [restartedMain] Unable to start LiveReload server
2021-04-08 15:08:38,150 WARN org.springframework.boot.autoconfigure.orm.jpa.JpaBaseConfiguration$JpaWebConfiguration [restartedMain] spring.jpa.open-in-view is enabled by default. Therefore, database queries may be performed during view rendering. Explicitly configure spring.jpa.open-in-view to disable this warning
2021-04-08 15:08:38,826 INFO org.springframework.scheduling.concurrent.ThreadPoolTaskExecutor [restartedMain] Initializing ExecutorService 'applicationTaskExecutor'
2021-04-08 15:08:39,299 INFO org.apache.coyote.http11.Http11NioProtocol [restartedMain] Starting ProtocolHandler ["http-nio-8081"]
2021-04-08 15:08:39,346 WARN org.springframework.boot.web.servlet.context.AnnotationConfigServletWebServerApplicationContext [restartedMain] Exception encountered during context initialization - cancelling refresh attempt: org.springframework.context.ApplicationContextException: Failed to start bean 'webServerStartStop'; nested exception is org.springframework.boot.web.server.PortInUseException: Port 8081 is already in use
2021-04-08 15:08:39,349 INFO org.springframework.scheduling.concurrent.ThreadPoolTaskExecutor [restartedMain] Shutting down ExecutorService 'applicationTaskExecutor'
2021-04-08 15:08:39,360 INFO org.springframework.orm.jpa.LocalContainerEntityManagerFactoryBean [restartedMain] Closing JPA EntityManagerFactory for persistence unit 'default'
2021-04-08 15:08:39,369 INFO com.zaxxer.hikari.HikariDataSource [restartedMain] HikariPool-1 - Shutdown initiated...
2021-04-08 15:08:39,385 INFO com.zaxxer.hikari.HikariDataSource [restartedMain] HikariPool-1 - Shutdown completed.
2021-04-08 15:08:39,391 INFO org.apache.coyote.http11.Http11NioProtocol [restartedMain] Pausing ProtocolHandler ["http-nio-8081"]
2021-04-08 15:08:39,391 INFO org.apache.catalina.core.StandardService [restartedMain] Stopping service [Tomcat]
2021-04-08 15:08:39,407 INFO org.apache.coyote.http11.Http11NioProtocol [restartedMain] Stopping ProtocolHandler ["http-nio-8081"]
2021-04-08 15:08:39,422 INFO org.apache.coyote.http11.Http11NioProtocol [restartedMain] Destroying ProtocolHandler ["http-nio-8081"]
2021-04-08 15:08:39,441 INFO org.springframework.boot.autoconfigure.logging.ConditionEvaluationReportLoggingListener [restartedMain] 

Error starting ApplicationContext. To display the conditions report re-run your application with 'debug' enabled.
2021-04-08 15:08:39,525 ERROR org.springframework.boot.diagnostics.LoggingFailureAnalysisReporter [restartedMain] 

***************************
APPLICATION FAILED TO START
***************************

Description:

Web server failed to start. Port 8081 was already in use.

Action:

Identify and stop the process that's listening on port 8081 or configure this application to listen on another port.

2021-04-08 15:11:46,063 INFO org.springframework.scheduling.concurrent.ThreadPoolTaskExecutor [Thread-10] Shutting down ExecutorService 'applicationTaskExecutor'
2021-04-08 15:11:46,087 INFO org.springframework.orm.jpa.LocalContainerEntityManagerFactoryBean [Thread-10] Closing JPA EntityManagerFactory for persistence unit 'default'
2021-04-08 15:11:46,135 INFO com.zaxxer.hikari.HikariDataSource [Thread-10] HikariPool-4 - Shutdown initiated...
2021-04-08 15:11:46,180 INFO com.zaxxer.hikari.HikariDataSource [Thread-10] HikariPool-4 - Shutdown completed.
2021-04-08 15:11:47,722 INFO com.cg.practice.courses.courses.CoursesApplication [restartedMain] Starting CoursesApplication using Java 1.8.0_282 on LIN51010587 with PID 7888 (C:\Users\ASMANE\Downloads\courses\target\classes started by asmane in C:\Users\ASMANE\Downloads\courses)
2021-04-08 15:11:47,722 DEBUG com.cg.practice.courses.courses.CoursesApplication [restartedMain] Running with Spring Boot v2.4.2, Spring v5.3.3
2021-04-08 15:11:47,722 INFO com.cg.practice.courses.courses.CoursesApplication [restartedMain] No active profile set, falling back to default profiles: default
2021-04-08 15:11:48,644 INFO org.springframework.data.repository.config.RepositoryConfigurationDelegate [restartedMain] Bootstrapping Spring Data JPA repositories in DEFAULT mode.
2021-04-08 15:11:48,671 INFO org.springframework.data.repository.config.RepositoryConfigurationDelegate [restartedMain] Finished Spring Data repository scanning in 26 ms. Found 3 JPA repository interfaces.
2021-04-08 15:11:49,052 INFO org.springframework.boot.web.embedded.tomcat.TomcatWebServer [restartedMain] Tomcat initialized with port(s): 8081 (http)
2021-04-08 15:11:49,053 INFO org.apache.coyote.http11.Http11NioProtocol [restartedMain] Initializing ProtocolHandler ["http-nio-8081"]
2021-04-08 15:11:49,053 INFO org.apache.catalina.core.StandardService [restartedMain] Starting service [Tomcat]
2021-04-08 15:11:49,054 INFO org.apache.catalina.core.StandardEngine [restartedMain] Starting Servlet engine: [Apache Tomcat/9.0.41]
2021-04-08 15:11:49,098 INFO org.apache.catalina.core.ContainerBase.[Tomcat-2].[localhost].[/springfox] [restartedMain] Initializing Spring embedded WebApplicationContext
2021-04-08 15:11:49,098 INFO org.springframework.boot.web.servlet.context.ServletWebServerApplicationContext [restartedMain] Root WebApplicationContext: initialization completed in 1368 ms
2021-04-08 15:11:49,182 INFO org.hibernate.jpa.internal.util.LogHelper [restartedMain] HHH000204: Processing PersistenceUnitInfo [name: default]
2021-04-08 15:11:49,192 INFO com.zaxxer.hikari.HikariDataSource [restartedMain] HikariPool-5 - Starting...
2021-04-08 15:11:49,490 INFO com.zaxxer.hikari.HikariDataSource [restartedMain] HikariPool-5 - Start completed.
2021-04-08 15:11:49,491 INFO org.hibernate.dialect.Dialect [restartedMain] HHH000400: Using dialect: org.hibernate.dialect.PostgreSQL10Dialect
2021-04-08 15:11:49,982 INFO org.hibernate.engine.transaction.jta.platform.internal.JtaPlatformInitiator [restartedMain] HHH000490: Using JtaPlatform implementation: [org.hibernate.engine.transaction.jta.platform.internal.NoJtaPlatform]
2021-04-08 15:11:49,982 INFO org.springframework.orm.jpa.LocalContainerEntityManagerFactoryBean [restartedMain] Initialized JPA EntityManagerFactory for persistence unit 'default'
2021-04-08 15:11:49,992 INFO org.springframework.boot.devtools.autoconfigure.OptionalLiveReloadServer [restartedMain] LiveReload server is running on port 35729
2021-04-08 15:11:50,584 WARN org.springframework.boot.autoconfigure.orm.jpa.JpaBaseConfiguration$JpaWebConfiguration [restartedMain] spring.jpa.open-in-view is enabled by default. Therefore, database queries may be performed during view rendering. Explicitly configure spring.jpa.open-in-view to disable this warning
2021-04-08 15:11:50,755 INFO org.springframework.scheduling.concurrent.ThreadPoolTaskExecutor [restartedMain] Initializing ExecutorService 'applicationTaskExecutor'
2021-04-08 15:11:50,848 INFO org.apache.coyote.http11.Http11NioProtocol [restartedMain] Starting ProtocolHandler ["http-nio-8081"]
2021-04-08 15:11:50,888 INFO org.springframework.boot.web.embedded.tomcat.TomcatWebServer [restartedMain] Tomcat started on port(s): 8081 (http) with context path '/springfox'
2021-04-08 15:11:51,196 INFO com.cg.practice.courses.courses.CoursesApplication [restartedMain] Started CoursesApplication in 3.609 seconds (JVM running for 9295.149)
2021-04-08 15:11:51,200 INFO org.springframework.boot.devtools.autoconfigure.ConditionEvaluationDeltaLoggingListener [restartedMain] Condition evaluation unchanged
2021-04-08 15:12:04,838 INFO org.apache.catalina.core.ContainerBase.[Tomcat-2].[localhost].[/springfox] [http-nio-8081-exec-1] Initializing Spring DispatcherServlet 'dispatcherServlet'
2021-04-08 15:12:04,840 INFO org.springframework.web.servlet.DispatcherServlet [http-nio-8081-exec-1] Initializing Servlet 'dispatcherServlet'
2021-04-08 15:12:04,843 INFO org.springframework.web.servlet.DispatcherServlet [http-nio-8081-exec-1] Completed initialization in 3 ms
2021-04-08 15:12:04,909 WARN org.hibernate.engine.jdbc.spi.SqlExceptionHelper [http-nio-8081-exec-1] SQL Error: 0, SQLState: 23502
2021-04-08 15:12:04,911 ERROR org.hibernate.engine.jdbc.spi.SqlExceptionHelper [http-nio-8081-exec-1] ERROR: null value in column "student_id" violates not-null constraint
  Detail: Failing row contains (15, rushi@gmail.com, rushi, mane, 8978656790, rushi123, null, null, null, null).
2021-04-08 15:12:04,926 WARN org.springframework.web.servlet.mvc.method.annotation.ExceptionHandlerExceptionResolver [http-nio-8081-exec-1] Resolved [org.springframework.dao.DataIntegrityViolationException: could not execute statement; SQL [n/a]; constraint [student_id]; nested exception is org.hibernate.exception.ConstraintViolationException: could not execute statement]
2021-04-08 15:13:24,951 WARN org.springframework.web.servlet.mvc.method.annotation.ExceptionHandlerExceptionResolver [http-nio-8081-exec-4] Resolved [org.springframework.web.bind.MissingPathVariableException: Missing URI template variable 'studentid' for method parameter of type Integer]
2021-04-08 15:13:59,239 INFO com.cg.practice.courses.courses.controller.CoursesController [http-nio-8081-exec-7] Returning all courses details
2021-04-08 15:14:19,180 INFO com.cg.practice.courses.courses.controller.CoursesController [http-nio-8081-exec-9] Course addedCourses(id=1, courseName=rdbms, startDate=2021-04-08, endDate=2021-04-08)
2021-04-08 15:19:05,319 INFO org.springframework.scheduling.concurrent.ThreadPoolTaskExecutor [Thread-25] Shutting down ExecutorService 'applicationTaskExecutor'
2021-04-08 15:19:05,325 INFO org.springframework.orm.jpa.LocalContainerEntityManagerFactoryBean [Thread-25] Closing JPA EntityManagerFactory for persistence unit 'default'
2021-04-08 15:19:05,328 INFO com.zaxxer.hikari.HikariDataSource [Thread-25] HikariPool-5 - Shutdown initiated...
2021-04-08 15:19:05,361 INFO com.zaxxer.hikari.HikariDataSource [Thread-25] HikariPool-5 - Shutdown completed.
2021-04-08 15:19:05,899 INFO com.cg.practice.courses.courses.CoursesApplication [restartedMain] Starting CoursesApplication using Java 1.8.0_282 on LIN51010587 with PID 7888 (C:\Users\ASMANE\Downloads\courses\target\classes started by asmane in C:\Users\ASMANE\Downloads\courses)
2021-04-08 15:19:05,899 DEBUG com.cg.practice.courses.courses.CoursesApplication [restartedMain] Running with Spring Boot v2.4.2, Spring v5.3.3
2021-04-08 15:19:05,900 INFO com.cg.practice.courses.courses.CoursesApplication [restartedMain] No active profile set, falling back to default profiles: default
2021-04-08 15:19:06,550 INFO org.springframework.data.repository.config.RepositoryConfigurationDelegate [restartedMain] Bootstrapping Spring Data JPA repositories in DEFAULT mode.
2021-04-08 15:19:06,572 INFO org.springframework.data.repository.config.RepositoryConfigurationDelegate [restartedMain] Finished Spring Data repository scanning in 21 ms. Found 3 JPA repository interfaces.
2021-04-08 15:19:06,965 INFO org.springframework.boot.web.embedded.tomcat.TomcatWebServer [restartedMain] Tomcat initialized with port(s): 8081 (http)
2021-04-08 15:19:06,967 INFO org.apache.coyote.http11.Http11NioProtocol [restartedMain] Initializing ProtocolHandler ["http-nio-8081"]
2021-04-08 15:19:06,967 INFO org.apache.catalina.core.StandardService [restartedMain] Starting service [Tomcat]
2021-04-08 15:19:06,968 INFO org.apache.catalina.core.StandardEngine [restartedMain] Starting Servlet engine: [Apache Tomcat/9.0.41]
2021-04-08 15:19:07,048 INFO org.apache.catalina.core.ContainerBase.[Tomcat-2].[localhost].[/springfox] [restartedMain] Initializing Spring embedded WebApplicationContext
2021-04-08 15:19:07,049 INFO org.springframework.boot.web.servlet.context.ServletWebServerApplicationContext [restartedMain] Root WebApplicationContext: initialization completed in 1145 ms
2021-04-08 15:19:07,108 INFO org.hibernate.jpa.internal.util.LogHelper [restartedMain] HHH000204: Processing PersistenceUnitInfo [name: default]
2021-04-08 15:19:07,120 INFO com.zaxxer.hikari.HikariDataSource [restartedMain] HikariPool-6 - Starting...
2021-04-08 15:19:07,461 INFO com.zaxxer.hikari.HikariDataSource [restartedMain] HikariPool-6 - Start completed.
2021-04-08 15:19:07,462 INFO org.hibernate.dialect.Dialect [restartedMain] HHH000400: Using dialect: org.hibernate.dialect.PostgreSQL10Dialect
2021-04-08 15:19:08,285 INFO org.hibernate.engine.transaction.jta.platform.internal.JtaPlatformInitiator [restartedMain] HHH000490: Using JtaPlatform implementation: [org.hibernate.engine.transaction.jta.platform.internal.NoJtaPlatform]
2021-04-08 15:19:08,286 INFO org.springframework.orm.jpa.LocalContainerEntityManagerFactoryBean [restartedMain] Initialized JPA EntityManagerFactory for persistence unit 'default'
2021-04-08 15:19:08,301 INFO org.springframework.boot.devtools.autoconfigure.OptionalLiveReloadServer [restartedMain] LiveReload server is running on port 35729
2021-04-08 15:19:08,792 WARN org.springframework.boot.autoconfigure.orm.jpa.JpaBaseConfiguration$JpaWebConfiguration [restartedMain] spring.jpa.open-in-view is enabled by default. Therefore, database queries may be performed during view rendering. Explicitly configure spring.jpa.open-in-view to disable this warning
2021-04-08 15:19:09,045 INFO org.springframework.scheduling.concurrent.ThreadPoolTaskExecutor [restartedMain] Initializing ExecutorService 'applicationTaskExecutor'
2021-04-08 15:19:09,253 INFO org.apache.coyote.http11.Http11NioProtocol [restartedMain] Starting ProtocolHandler ["http-nio-8081"]
2021-04-08 15:19:09,268 INFO org.springframework.boot.web.embedded.tomcat.TomcatWebServer [restartedMain] Tomcat started on port(s): 8081 (http) with context path '/springfox'
2021-04-08 15:19:09,388 INFO org.apache.catalina.core.ContainerBase.[Tomcat-2].[localhost].[/springfox] [http-nio-8081-exec-3] Initializing Spring DispatcherServlet 'dispatcherServlet'
2021-04-08 15:19:09,389 INFO org.springframework.web.servlet.DispatcherServlet [http-nio-8081-exec-3] Initializing Servlet 'dispatcherServlet'
2021-04-08 15:19:09,393 INFO org.springframework.web.servlet.DispatcherServlet [http-nio-8081-exec-3] Completed initialization in 4 ms
2021-04-08 15:19:09,665 INFO com.cg.practice.courses.courses.CoursesApplication [restartedMain] Started CoursesApplication in 3.853 seconds (JVM running for 9733.621)
2021-04-08 15:19:09,671 INFO org.springframework.boot.devtools.autoconfigure.ConditionEvaluationDeltaLoggingListener [restartedMain] Condition evaluation unchanged
2021-04-08 15:19:47,874 INFO com.cg.practice.courses.courses.controller.CoursesController [http-nio-8081-exec-8] Returning all courses details
2021-04-08 15:20:08,970 INFO com.cg.practice.courses.courses.controller.CoursesController [http-nio-8081-exec-7] Course addedCourses(id=1, courseName=rdbms, startDate=2021-04-08, endDate=2021-04-08)
2021-04-08 15:21:35,277 INFO org.springframework.scheduling.concurrent.ThreadPoolTaskExecutor [Thread-31] Shutting down ExecutorService 'applicationTaskExecutor'
2021-04-08 15:21:35,284 INFO org.springframework.orm.jpa.LocalContainerEntityManagerFactoryBean [Thread-31] Closing JPA EntityManagerFactory for persistence unit 'default'
2021-04-08 15:21:35,285 INFO com.zaxxer.hikari.HikariDataSource [Thread-31] HikariPool-6 - Shutdown initiated...
2021-04-08 15:21:35,296 INFO com.zaxxer.hikari.HikariDataSource [Thread-31] HikariPool-6 - Shutdown completed.
2021-04-08 15:21:35,687 INFO com.cg.practice.courses.courses.CoursesApplication [restartedMain] Starting CoursesApplication using Java 1.8.0_282 on LIN51010587 with PID 7888 (C:\Users\ASMANE\Downloads\courses\target\classes started by asmane in C:\Users\ASMANE\Downloads\courses)
2021-04-08 15:21:35,687 DEBUG com.cg.practice.courses.courses.CoursesApplication [restartedMain] Running with Spring Boot v2.4.2, Spring v5.3.3
2021-04-08 15:21:35,687 INFO com.cg.practice.courses.courses.CoursesApplication [restartedMain] No active profile set, falling back to default profiles: default
2021-04-08 15:21:36,329 INFO org.springframework.data.repository.config.RepositoryConfigurationDelegate [restartedMain] Bootstrapping Spring Data JPA repositories in DEFAULT mode.
2021-04-08 15:21:36,351 INFO org.springframework.data.repository.config.RepositoryConfigurationDelegate [restartedMain] Finished Spring Data repository scanning in 21 ms. Found 3 JPA repository interfaces.
2021-04-08 15:21:36,701 INFO org.springframework.boot.web.embedded.tomcat.TomcatWebServer [restartedMain] Tomcat initialized with port(s): 8081 (http)
2021-04-08 15:21:36,702 INFO org.apache.coyote.http11.Http11NioProtocol [restartedMain] Initializing ProtocolHandler ["http-nio-8081"]
2021-04-08 15:21:36,702 INFO org.apache.catalina.core.StandardService [restartedMain] Starting service [Tomcat]
2021-04-08 15:21:36,703 INFO org.apache.catalina.core.StandardEngine [restartedMain] Starting Servlet engine: [Apache Tomcat/9.0.41]
2021-04-08 15:21:36,890 INFO org.apache.catalina.core.ContainerBase.[Tomcat-2].[localhost].[/springfox] [restartedMain] Initializing Spring embedded WebApplicationContext
2021-04-08 15:21:36,891 INFO org.springframework.boot.web.servlet.context.ServletWebServerApplicationContext [restartedMain] Root WebApplicationContext: initialization completed in 1200 ms
2021-04-08 15:21:36,942 INFO org.hibernate.jpa.internal.util.LogHelper [restartedMain] HHH000204: Processing PersistenceUnitInfo [name: default]
2021-04-08 15:21:36,947 INFO com.zaxxer.hikari.HikariDataSource [restartedMain] HikariPool-7 - Starting...
2021-04-08 15:21:37,287 INFO com.zaxxer.hikari.HikariDataSource [restartedMain] HikariPool-7 - Start completed.
2021-04-08 15:21:37,288 INFO org.hibernate.dialect.Dialect [restartedMain] HHH000400: Using dialect: org.hibernate.dialect.PostgreSQL10Dialect
2021-04-08 15:21:38,142 INFO org.hibernate.engine.transaction.jta.platform.internal.JtaPlatformInitiator [restartedMain] HHH000490: Using JtaPlatform implementation: [org.hibernate.engine.transaction.jta.platform.internal.NoJtaPlatform]
2021-04-08 15:21:38,142 INFO org.springframework.orm.jpa.LocalContainerEntityManagerFactoryBean [restartedMain] Initialized JPA EntityManagerFactory for persistence unit 'default'
2021-04-08 15:21:38,153 INFO org.springframework.boot.devtools.autoconfigure.OptionalLiveReloadServer [restartedMain] LiveReload server is running on port 35729
2021-04-08 15:21:38,396 WARN org.springframework.boot.autoconfigure.orm.jpa.JpaBaseConfiguration$JpaWebConfiguration [restartedMain] spring.jpa.open-in-view is enabled by default. Therefore, database queries may be performed during view rendering. Explicitly configure spring.jpa.open-in-view to disable this warning
2021-04-08 15:21:38,520 INFO org.springframework.scheduling.concurrent.ThreadPoolTaskExecutor [restartedMain] Initializing ExecutorService 'applicationTaskExecutor'
2021-04-08 15:21:38,595 INFO org.apache.coyote.http11.Http11NioProtocol [restartedMain] Starting ProtocolHandler ["http-nio-8081"]
2021-04-08 15:21:38,605 INFO org.springframework.boot.web.embedded.tomcat.TomcatWebServer [restartedMain] Tomcat started on port(s): 8081 (http) with context path '/springfox'
2021-04-08 15:21:38,666 INFO org.apache.catalina.core.ContainerBase.[Tomcat-2].[localhost].[/springfox] [http-nio-8081-exec-1] Initializing Spring DispatcherServlet 'dispatcherServlet'
2021-04-08 15:21:38,668 INFO org.springframework.web.servlet.DispatcherServlet [http-nio-8081-exec-1] Initializing Servlet 'dispatcherServlet'
2021-04-08 15:21:38,669 INFO org.springframework.web.servlet.DispatcherServlet [http-nio-8081-exec-1] Completed initialization in 1 ms
2021-04-08 15:21:38,885 INFO com.cg.practice.courses.courses.CoursesApplication [restartedMain] Started CoursesApplication in 3.276 seconds (JVM running for 9882.841)
2021-04-08 15:21:38,888 INFO org.springframework.boot.devtools.autoconfigure.ConditionEvaluationDeltaLoggingListener [restartedMain] Condition evaluation unchanged
2021-04-08 15:23:06,213 WARN org.hibernate.engine.jdbc.spi.SqlExceptionHelper [http-nio-8081-exec-2] SQL Error: 0, SQLState: 23502
2021-04-08 15:23:06,214 ERROR org.hibernate.engine.jdbc.spi.SqlExceptionHelper [http-nio-8081-exec-2] ERROR: null value in column "student_id" violates not-null constraint
  Detail: Failing row contains (16, abc.com, abc, xyz, 9867875698, xyz123, null, null, null, null).
2021-04-08 15:23:06,223 WARN org.springframework.web.servlet.mvc.method.annotation.ExceptionHandlerExceptionResolver [http-nio-8081-exec-2] Resolved [org.springframework.dao.DataIntegrityViolationException: could not execute statement; SQL [n/a]; constraint [student_id]; nested exception is org.hibernate.exception.ConstraintViolationException: could not execute statement]
2021-04-08 15:24:45,630 INFO org.springframework.scheduling.concurrent.ThreadPoolTaskExecutor [Thread-37] Shutting down ExecutorService 'applicationTaskExecutor'
2021-04-08 15:24:45,633 INFO org.springframework.orm.jpa.LocalContainerEntityManagerFactoryBean [Thread-37] Closing JPA EntityManagerFactory for persistence unit 'default'
2021-04-08 15:24:45,634 INFO com.zaxxer.hikari.HikariDataSource [Thread-37] HikariPool-7 - Shutdown initiated...
2021-04-08 15:24:45,667 INFO com.zaxxer.hikari.HikariDataSource [Thread-37] HikariPool-7 - Shutdown completed.
2021-04-08 15:24:46,020 INFO com.cg.practice.courses.courses.CoursesApplication [restartedMain] Starting CoursesApplication using Java 1.8.0_282 on LIN51010587 with PID 7888 (C:\Users\ASMANE\Downloads\courses\target\classes started by asmane in C:\Users\ASMANE\Downloads\courses)
2021-04-08 15:24:46,021 DEBUG com.cg.practice.courses.courses.CoursesApplication [restartedMain] Running with Spring Boot v2.4.2, Spring v5.3.3
2021-04-08 15:24:46,021 INFO com.cg.practice.courses.courses.CoursesApplication [restartedMain] No active profile set, falling back to default profiles: default
2021-04-08 15:24:46,607 INFO org.springframework.data.repository.config.RepositoryConfigurationDelegate [restartedMain] Bootstrapping Spring Data JPA repositories in DEFAULT mode.
2021-04-08 15:24:46,631 INFO org.springframework.data.repository.config.RepositoryConfigurationDelegate [restartedMain] Finished Spring Data repository scanning in 23 ms. Found 3 JPA repository interfaces.
2021-04-08 15:24:46,943 INFO org.springframework.boot.web.embedded.tomcat.TomcatWebServer [restartedMain] Tomcat initialized with port(s): 8081 (http)
2021-04-08 15:24:46,944 INFO org.apache.coyote.http11.Http11NioProtocol [restartedMain] Initializing ProtocolHandler ["http-nio-8081"]
2021-04-08 15:24:46,944 INFO org.apache.catalina.core.StandardService [restartedMain] Starting service [Tomcat]
2021-04-08 15:24:46,945 INFO org.apache.catalina.core.StandardEngine [restartedMain] Starting Servlet engine: [Apache Tomcat/9.0.41]
2021-04-08 15:24:46,987 INFO org.apache.catalina.core.ContainerBase.[Tomcat-2].[localhost].[/springfox] [restartedMain] Initializing Spring embedded WebApplicationContext
2021-04-08 15:24:46,988 INFO org.springframework.boot.web.servlet.context.ServletWebServerApplicationContext [restartedMain] Root WebApplicationContext: initialization completed in 961 ms
2021-04-08 15:24:47,035 INFO org.hibernate.jpa.internal.util.LogHelper [restartedMain] HHH000204: Processing PersistenceUnitInfo [name: default]
2021-04-08 15:24:47,044 INFO com.zaxxer.hikari.HikariDataSource [restartedMain] HikariPool-8 - Starting...
2021-04-08 15:24:47,424 INFO com.zaxxer.hikari.HikariDataSource [restartedMain] HikariPool-8 - Start completed.
2021-04-08 15:24:47,425 INFO org.hibernate.dialect.Dialect [restartedMain] HHH000400: Using dialect: org.hibernate.dialect.PostgreSQL10Dialect
2021-04-08 15:24:47,854 INFO org.hibernate.engine.transaction.jta.platform.internal.JtaPlatformInitiator [restartedMain] HHH000490: Using JtaPlatform implementation: [org.hibernate.engine.transaction.jta.platform.internal.NoJtaPlatform]
2021-04-08 15:24:47,856 INFO org.springframework.orm.jpa.LocalContainerEntityManagerFactoryBean [restartedMain] Initialized JPA EntityManagerFactory for persistence unit 'default'
2021-04-08 15:24:47,866 INFO org.springframework.boot.devtools.autoconfigure.OptionalLiveReloadServer [restartedMain] LiveReload server is running on port 35729
2021-04-08 15:24:48,119 WARN org.springframework.boot.autoconfigure.orm.jpa.JpaBaseConfiguration$JpaWebConfiguration [restartedMain] spring.jpa.open-in-view is enabled by default. Therefore, database queries may be performed during view rendering. Explicitly configure spring.jpa.open-in-view to disable this warning
2021-04-08 15:24:48,222 INFO org.springframework.scheduling.concurrent.ThreadPoolTaskExecutor [restartedMain] Initializing ExecutorService 'applicationTaskExecutor'
2021-04-08 15:24:48,322 INFO org.apache.coyote.http11.Http11NioProtocol [restartedMain] Starting ProtocolHandler ["http-nio-8081"]
2021-04-08 15:24:48,334 INFO org.springframework.boot.web.embedded.tomcat.TomcatWebServer [restartedMain] Tomcat started on port(s): 8081 (http) with context path '/springfox'
2021-04-08 15:24:48,577 INFO com.cg.practice.courses.courses.CoursesApplication [restartedMain] Started CoursesApplication in 2.643 seconds (JVM running for 10072.533)
2021-04-08 15:24:48,580 INFO org.springframework.boot.devtools.autoconfigure.ConditionEvaluationDeltaLoggingListener [restartedMain] Condition evaluation unchanged
2021-04-08 15:24:59,484 INFO org.apache.catalina.core.ContainerBase.[Tomcat-2].[localhost].[/springfox] [http-nio-8081-exec-1] Initializing Spring DispatcherServlet 'dispatcherServlet'
2021-04-08 15:24:59,486 INFO org.springframework.web.servlet.DispatcherServlet [http-nio-8081-exec-1] Initializing Servlet 'dispatcherServlet'
2021-04-08 15:24:59,488 INFO org.springframework.web.servlet.DispatcherServlet [http-nio-8081-exec-1] Completed initialization in 1 ms
2021-04-08 15:55:48,038 INFO com.cg.practice.courses.courses.CoursesApplication [restartedMain] Starting CoursesApplication using Java 15.0.1 on LIN51010587 with PID 19008 (C:\Users\ASMANE\Downloads\courses\target\classes started by asmane in C:\Users\ASMANE\Downloads\courses)
2021-04-08 15:55:48,044 DEBUG com.cg.practice.courses.courses.CoursesApplication [restartedMain] Running with Spring Boot v2.4.2, Spring v5.3.3
2021-04-08 15:55:48,045 INFO com.cg.practice.courses.courses.CoursesApplication [restartedMain] No active profile set, falling back to default profiles: default
2021-04-08 15:55:48,200 INFO org.springframework.boot.devtools.env.DevToolsPropertyDefaultsPostProcessor [restartedMain] Devtools property defaults active! Set 'spring.devtools.add-properties' to 'false' to disable
2021-04-08 15:55:48,201 INFO org.springframework.boot.devtools.env.DevToolsPropertyDefaultsPostProcessor [restartedMain] For additional web related logging consider setting the 'logging.level.web' property to 'DEBUG'
2021-04-08 15:55:50,393 INFO org.springframework.data.repository.config.RepositoryConfigurationDelegate [restartedMain] Bootstrapping Spring Data JPA repositories in DEFAULT mode.
2021-04-08 15:55:50,530 INFO org.springframework.data.repository.config.RepositoryConfigurationDelegate [restartedMain] Finished Spring Data repository scanning in 116 ms. Found 3 JPA repository interfaces.
2021-04-08 15:55:52,524 INFO org.springframework.boot.web.embedded.tomcat.TomcatWebServer [restartedMain] Tomcat initialized with port(s): 8081 (http)
2021-04-08 15:55:52,550 INFO org.apache.coyote.http11.Http11NioProtocol [restartedMain] Initializing ProtocolHandler ["http-nio-8081"]
2021-04-08 15:55:52,551 INFO org.apache.catalina.core.StandardService [restartedMain] Starting service [Tomcat]
2021-04-08 15:55:52,551 INFO org.apache.catalina.core.StandardEngine [restartedMain] Starting Servlet engine: [Apache Tomcat/9.0.41]
2021-04-08 15:55:52,782 INFO org.apache.catalina.core.ContainerBase.[Tomcat].[localhost].[/springfox] [restartedMain] Initializing Spring embedded WebApplicationContext
2021-04-08 15:55:52,783 INFO org.springframework.boot.web.servlet.context.ServletWebServerApplicationContext [restartedMain] Root WebApplicationContext: initialization completed in 4581 ms
2021-04-08 15:55:53,251 INFO org.hibernate.jpa.internal.util.LogHelper [restartedMain] HHH000204: Processing PersistenceUnitInfo [name: default]
2021-04-08 15:55:53,387 INFO org.hibernate.Version [restartedMain] HHH000412: Hibernate ORM core version 5.4.27.Final
2021-04-08 15:55:53,793 INFO org.hibernate.annotations.common.Version [restartedMain] HCANN000001: Hibernate Commons Annotations {5.1.2.Final}
2021-04-08 15:55:54,035 INFO com.zaxxer.hikari.HikariDataSource [restartedMain] HikariPool-1 - Starting...
2021-04-08 15:55:54,651 INFO com.zaxxer.hikari.HikariDataSource [restartedMain] HikariPool-1 - Start completed.
2021-04-08 15:55:54,733 INFO org.hibernate.dialect.Dialect [restartedMain] HHH000400: Using dialect: org.hibernate.dialect.PostgreSQL10Dialect
2021-04-08 15:55:56,321 INFO org.hibernate.engine.transaction.jta.platform.internal.JtaPlatformInitiator [restartedMain] HHH000490: Using JtaPlatform implementation: [org.hibernate.engine.transaction.jta.platform.internal.NoJtaPlatform]
2021-04-08 15:55:56,336 INFO org.springframework.orm.jpa.LocalContainerEntityManagerFactoryBean [restartedMain] Initialized JPA EntityManagerFactory for persistence unit 'default'
2021-04-08 15:55:56,371 INFO org.springframework.boot.devtools.autoconfigure.OptionalLiveReloadServer [restartedMain] LiveReload server is running on port 35729
2021-04-08 15:55:57,511 WARN org.springframework.boot.autoconfigure.orm.jpa.JpaBaseConfiguration$JpaWebConfiguration [restartedMain] spring.jpa.open-in-view is enabled by default. Therefore, database queries may be performed during view rendering. Explicitly configure spring.jpa.open-in-view to disable this warning
2021-04-08 15:55:58,023 INFO org.springframework.scheduling.concurrent.ThreadPoolTaskExecutor [restartedMain] Initializing ExecutorService 'applicationTaskExecutor'
2021-04-08 15:55:58,419 INFO org.apache.coyote.http11.Http11NioProtocol [restartedMain] Starting ProtocolHandler ["http-nio-8081"]
2021-04-08 15:55:58,477 INFO org.springframework.boot.web.embedded.tomcat.TomcatWebServer [restartedMain] Tomcat started on port(s): 8081 (http) with context path '/springfox'
2021-04-08 15:55:59,174 INFO com.cg.practice.courses.courses.CoursesApplication [restartedMain] Started CoursesApplication in 12.249 seconds (JVM running for 14.098)
2021-04-08 15:56:22,713 INFO org.apache.catalina.core.ContainerBase.[Tomcat].[localhost].[/springfox] [http-nio-8081-exec-1] Initializing Spring DispatcherServlet 'dispatcherServlet'
2021-04-08 15:56:22,713 INFO org.springframework.web.servlet.DispatcherServlet [http-nio-8081-exec-1] Initializing Servlet 'dispatcherServlet'
2021-04-08 15:56:22,715 INFO org.springframework.web.servlet.DispatcherServlet [http-nio-8081-exec-1] Completed initialization in 1 ms
2021-04-08 15:57:49,260 INFO com.cg.practice.courses.courses.controller.StaffController [http-nio-8081-exec-9] Staff: 0 updated
2021-04-08 15:57:57,569 INFO com.cg.practice.courses.courses.controller.StaffController [http-nio-8081-exec-1] Staff: 0 updated
2021-04-08 15:58:53,151 INFO com.cg.practice.courses.courses.controller.StaffController [http-nio-8081-exec-3] Staff: 1 updated
2021-04-08 16:00:20,198 INFO com.cg.practice.courses.courses.controller.StaffController [http-nio-8081-exec-6] Staff:pqr added to database
2021-04-08 16:00:53,321 INFO com.cg.practice.courses.courses.controller.StaffController [http-nio-8081-exec-7] Returning all staff details
2021-04-08 16:01:25,265 INFO com.cg.practice.courses.courses.controller.StaffController [http-nio-8081-exec-9] Product addedStaff(staffId=17, firstName=rushi, lastName=mane, email=rushi@gmail.com, mobileNo=9856789806, password=rushi123)
2021-04-08 16:02:07,311 INFO com.cg.practice.courses.courses.controller.StaffController [http-nio-8081-exec-1] Staff: 17 updated
2021-04-08 16:02:08,562 INFO com.cg.practice.courses.courses.controller.StaffController [http-nio-8081-exec-2] Staff: 17 updated
2021-04-08 16:02:34,243 INFO com.cg.practice.courses.courses.controller.StaffController [http-nio-8081-exec-4] Returning all staff details
2021-04-08 16:03:33,802 INFO com.cg.practice.courses.courses.controller.StaffController [http-nio-8081-exec-5] Staff: 18 updated
2021-04-08 16:03:45,859 INFO com.cg.practice.courses.courses.controller.StaffController [http-nio-8081-exec-8] Returning all staff details
2021-04-08 16:04:16,500 INFO com.cg.practice.courses.courses.controller.StaffController [http-nio-8081-exec-10] Staff: 21 updated
2021-04-08 16:04:41,014 INFO com.cg.practice.courses.courses.controller.StaffController [http-nio-8081-exec-2] Returning all staff details
2021-04-08 16:05:33,695 WARN org.springframework.web.servlet.mvc.method.annotation.ExceptionHandlerExceptionResolver [http-nio-8081-exec-5] Resolved [org.springframework.web.bind.MissingPathVariableException: Missing URI template variable 'studentid' for method parameter of type Integer]
2021-04-08 16:06:05,008 INFO com.cg.practice.courses.courses.controller.StudentController [http-nio-8081-exec-7] Returning all student details
2021-04-08 16:52:20,102 INFO com.cg.practice.courses.courses.controller.StudentController [http-nio-8081-exec-9] Student: 13 updated
2021-04-08 16:52:52,419 INFO com.cg.practice.courses.courses.controller.StudentController [http-nio-8081-exec-1] Returning all student details
2021-04-08 16:53:58,001 INFO com.cg.practice.courses.courses.controller.CoursesController [http-nio-8081-exec-6] Returning all courses details
2021-04-08 16:54:32,380 INFO com.cg.practice.courses.courses.controller.CoursesController [http-nio-8081-exec-7] Course: 5 updated
2021-04-08 16:54:44,989 INFO com.cg.practice.courses.courses.controller.CoursesController [http-nio-8081-exec-9] Returning all courses details
2021-04-08 16:55:55,095 INFO com.cg.practice.courses.courses.controller.CoursesController [http-nio-8081-exec-6] Course addedCourses(id=5, courseName=jpa, startDate=2021-04-08, endDate=2021-04-08)
2021-04-08 16:59:21,233 INFO org.springframework.scheduling.concurrent.ThreadPoolTaskExecutor [Thread-5] Shutting down ExecutorService 'applicationTaskExecutor'
2021-04-08 16:59:21,244 INFO org.springframework.orm.jpa.LocalContainerEntityManagerFactoryBean [Thread-5] Closing JPA EntityManagerFactory for persistence unit 'default'
2021-04-08 16:59:21,269 INFO com.zaxxer.hikari.HikariDataSource [Thread-5] HikariPool-1 - Shutdown initiated...
2021-04-08 16:59:21,313 INFO com.zaxxer.hikari.HikariDataSource [Thread-5] HikariPool-1 - Shutdown completed.
2021-04-08 16:59:21,586 INFO com.cg.practice.courses.courses.CoursesApplication [restartedMain] Starting CoursesApplication using Java 15.0.1 on LIN51010587 with PID 19008 (C:\Users\ASMANE\Downloads\courses\target\classes started by asmane in C:\Users\ASMANE\Downloads\courses)
2021-04-08 16:59:21,587 DEBUG com.cg.practice.courses.courses.CoursesApplication [restartedMain] Running with Spring Boot v2.4.2, Spring v5.3.3
2021-04-08 16:59:21,587 INFO com.cg.practice.courses.courses.CoursesApplication [restartedMain] No active profile set, falling back to default profiles: default
2021-04-08 16:59:22,564 INFO org.springframework.data.repository.config.RepositoryConfigurationDelegate [restartedMain] Bootstrapping Spring Data JPA repositories in DEFAULT mode.
2021-04-08 16:59:22,595 INFO org.springframework.data.repository.config.RepositoryConfigurationDelegate [restartedMain] Finished Spring Data repository scanning in 30 ms. Found 3 JPA repository interfaces.
2021-04-08 16:59:22,983 INFO org.springframework.boot.web.embedded.tomcat.TomcatWebServer [restartedMain] Tomcat initialized with port(s): 8081 (http)
2021-04-08 16:59:22,985 INFO org.apache.coyote.http11.Http11NioProtocol [restartedMain] Initializing ProtocolHandler ["http-nio-8081"]
2021-04-08 16:59:22,986 INFO org.apache.catalina.core.StandardService [restartedMain] Starting service [Tomcat]
2021-04-08 16:59:22,986 INFO org.apache.catalina.core.StandardEngine [restartedMain] Starting Servlet engine: [Apache Tomcat/9.0.41]
2021-04-08 16:59:23,057 INFO org.apache.catalina.core.ContainerBase.[Tomcat].[localhost].[/springfox] [restartedMain] Initializing Spring embedded WebApplicationContext
2021-04-08 16:59:23,058 INFO org.springframework.boot.web.servlet.context.ServletWebServerApplicationContext [restartedMain] Root WebApplicationContext: initialization completed in 1463 ms
2021-04-08 16:59:23,128 INFO org.hibernate.jpa.internal.util.LogHelper [restartedMain] HHH000204: Processing PersistenceUnitInfo [name: default]
2021-04-08 16:59:23,141 INFO com.zaxxer.hikari.HikariDataSource [restartedMain] HikariPool-2 - Starting...
2021-04-08 16:59:23,439 INFO com.zaxxer.hikari.HikariDataSource [restartedMain] HikariPool-2 - Start completed.
2021-04-08 16:59:23,440 INFO org.hibernate.dialect.Dialect [restartedMain] HHH000400: Using dialect: org.hibernate.dialect.PostgreSQL10Dialect
2021-04-08 16:59:23,901 INFO org.hibernate.engine.transaction.jta.platform.internal.JtaPlatformInitiator [restartedMain] HHH000490: Using JtaPlatform implementation: [org.hibernate.engine.transaction.jta.platform.internal.NoJtaPlatform]
2021-04-08 16:59:23,902 INFO org.springframework.orm.jpa.LocalContainerEntityManagerFactoryBean [restartedMain] Initialized JPA EntityManagerFactory for persistence unit 'default'
2021-04-08 16:59:23,915 INFO org.springframework.boot.devtools.autoconfigure.OptionalLiveReloadServer [restartedMain] LiveReload server is running on port 35729
2021-04-08 16:59:24,278 WARN org.springframework.boot.autoconfigure.orm.jpa.JpaBaseConfiguration$JpaWebConfiguration [restartedMain] spring.jpa.open-in-view is enabled by default. Therefore, database queries may be performed during view rendering. Explicitly configure spring.jpa.open-in-view to disable this warning
2021-04-08 16:59:24,489 INFO org.springframework.scheduling.concurrent.ThreadPoolTaskExecutor [restartedMain] Initializing ExecutorService 'applicationTaskExecutor'
2021-04-08 16:59:24,614 INFO org.apache.coyote.http11.Http11NioProtocol [restartedMain] Starting ProtocolHandler ["http-nio-8081"]
2021-04-08 16:59:24,630 INFO org.springframework.boot.web.embedded.tomcat.TomcatWebServer [restartedMain] Tomcat started on port(s): 8081 (http) with context path '/springfox'
2021-04-08 16:59:25,019 INFO com.cg.practice.courses.courses.CoursesApplication [restartedMain] Started CoursesApplication in 3.531 seconds (JVM running for 3819.972)
2021-04-08 16:59:25,023 INFO org.springframework.boot.devtools.autoconfigure.ConditionEvaluationDeltaLoggingListener [restartedMain] Condition evaluation unchanged
2021-04-08 16:59:36,592 INFO org.apache.catalina.core.ContainerBase.[Tomcat].[localhost].[/springfox] [http-nio-8081-exec-1] Initializing Spring DispatcherServlet 'dispatcherServlet'
2021-04-08 16:59:36,593 INFO org.springframework.web.servlet.DispatcherServlet [http-nio-8081-exec-1] Initializing Servlet 'dispatcherServlet'
2021-04-08 16:59:36,596 INFO org.springframework.web.servlet.DispatcherServlet [http-nio-8081-exec-1] Completed initialization in 3 ms
2021-04-08 17:00:08,909 INFO com.cg.practice.courses.courses.controller.StudentController [http-nio-8081-exec-5] Product addedStudent(studentId=7, fName=abc, lName=xyz, Email=abc@gmail.com, MobileNo=9856321823, Password=abc123)
2021-04-08 17:04:36,590 INFO org.springframework.scheduling.concurrent.ThreadPoolTaskExecutor [Thread-12] Shutting down ExecutorService 'applicationTaskExecutor'
2021-04-08 17:04:36,595 INFO org.springframework.orm.jpa.LocalContainerEntityManagerFactoryBean [Thread-12] Closing JPA EntityManagerFactory for persistence unit 'default'
2021-04-08 17:04:36,597 INFO com.zaxxer.hikari.HikariDataSource [Thread-12] HikariPool-2 - Shutdown initiated...
2021-04-08 17:04:36,628 INFO com.zaxxer.hikari.HikariDataSource [Thread-12] HikariPool-2 - Shutdown completed.
2021-04-08 17:04:36,794 INFO com.cg.practice.courses.courses.CoursesApplication [restartedMain] Starting CoursesApplication using Java 15.0.1 on LIN51010587 with PID 19008 (C:\Users\ASMANE\Downloads\courses\target\classes started by asmane in C:\Users\ASMANE\Downloads\courses)
2021-04-08 17:04:36,794 DEBUG com.cg.practice.courses.courses.CoursesApplication [restartedMain] Running with Spring Boot v2.4.2, Spring v5.3.3
2021-04-08 17:04:36,795 INFO com.cg.practice.courses.courses.CoursesApplication [restartedMain] No active profile set, falling back to default profiles: default
2021-04-08 17:04:37,645 INFO org.springframework.data.repository.config.RepositoryConfigurationDelegate [restartedMain] Bootstrapping Spring Data JPA repositories in DEFAULT mode.
2021-04-08 17:04:37,673 INFO org.springframework.data.repository.config.RepositoryConfigurationDelegate [restartedMain] Finished Spring Data repository scanning in 26 ms. Found 3 JPA repository interfaces.
2021-04-08 17:04:37,971 INFO org.springframework.boot.web.embedded.tomcat.TomcatWebServer [restartedMain] Tomcat initialized with port(s): 8081 (http)
2021-04-08 17:04:37,973 INFO org.apache.coyote.http11.Http11NioProtocol [restartedMain] Initializing ProtocolHandler ["http-nio-8081"]
2021-04-08 17:04:37,973 INFO org.apache.catalina.core.StandardService [restartedMain] Starting service [Tomcat]
2021-04-08 17:04:37,974 INFO org.apache.catalina.core.StandardEngine [restartedMain] Starting Servlet engine: [Apache Tomcat/9.0.41]
2021-04-08 17:04:38,050 INFO org.apache.catalina.core.ContainerBase.[Tomcat].[localhost].[/springfox] [restartedMain] Initializing Spring embedded WebApplicationContext
2021-04-08 17:04:38,051 INFO org.springframework.boot.web.servlet.context.ServletWebServerApplicationContext [restartedMain] Root WebApplicationContext: initialization completed in 1249 ms
2021-04-08 17:04:38,110 INFO org.hibernate.jpa.internal.util.LogHelper [restartedMain] HHH000204: Processing PersistenceUnitInfo [name: default]
2021-04-08 17:04:38,120 INFO com.zaxxer.hikari.HikariDataSource [restartedMain] HikariPool-3 - Starting...
2021-04-08 17:04:38,489 INFO com.zaxxer.hikari.HikariDataSource [restartedMain] HikariPool-3 - Start completed.
2021-04-08 17:04:38,489 INFO org.hibernate.dialect.Dialect [restartedMain] HHH000400: Using dialect: org.hibernate.dialect.PostgreSQL10Dialect
2021-04-08 17:04:38,921 INFO org.hibernate.engine.transaction.jta.platform.internal.JtaPlatformInitiator [restartedMain] HHH000490: Using JtaPlatform implementation: [org.hibernate.engine.transaction.jta.platform.internal.NoJtaPlatform]
2021-04-08 17:04:38,922 INFO org.springframework.orm.jpa.LocalContainerEntityManagerFactoryBean [restartedMain] Initialized JPA EntityManagerFactory for persistence unit 'default'
2021-04-08 17:04:38,933 INFO org.springframework.boot.devtools.autoconfigure.OptionalLiveReloadServer [restartedMain] LiveReload server is running on port 35729
2021-04-08 17:04:39,172 WARN org.springframework.boot.autoconfigure.orm.jpa.JpaBaseConfiguration$JpaWebConfiguration [restartedMain] spring.jpa.open-in-view is enabled by default. Therefore, database queries may be performed during view rendering. Explicitly configure spring.jpa.open-in-view to disable this warning
2021-04-08 17:04:39,285 INFO org.springframework.scheduling.concurrent.ThreadPoolTaskExecutor [restartedMain] Initializing ExecutorService 'applicationTaskExecutor'
2021-04-08 17:04:39,382 INFO org.apache.coyote.http11.Http11NioProtocol [restartedMain] Starting ProtocolHandler ["http-nio-8081"]
2021-04-08 17:04:39,397 INFO org.springframework.boot.web.embedded.tomcat.TomcatWebServer [restartedMain] Tomcat started on port(s): 8081 (http) with context path '/springfox'
2021-04-08 17:04:39,602 INFO com.cg.practice.courses.courses.CoursesApplication [restartedMain] Started CoursesApplication in 2.88 seconds (JVM running for 4134.558)
2021-04-08 17:04:39,604 INFO org.springframework.boot.devtools.autoconfigure.ConditionEvaluationDeltaLoggingListener [restartedMain] Condition evaluation unchanged
2021-04-08 17:04:41,197 INFO org.apache.catalina.core.ContainerBase.[Tomcat].[localhost].[/springfox] [http-nio-8081-exec-1] Initializing Spring DispatcherServlet 'dispatcherServlet'
2021-04-08 17:04:41,198 INFO org.springframework.web.servlet.DispatcherServlet [http-nio-8081-exec-1] Initializing Servlet 'dispatcherServlet'
2021-04-08 17:04:41,200 INFO org.springframework.web.servlet.DispatcherServlet [http-nio-8081-exec-1] Completed initialization in 2 ms
2021-04-08 17:05:17,277 INFO com.cg.practice.courses.courses.controller.StaffController [http-nio-8081-exec-3] Staff: 23 updated
2021-04-08 17:06:24,953 INFO com.cg.practice.courses.courses.controller.StaffController [http-nio-8081-exec-5] Staff: 23 updated
2021-04-08 17:06:42,693 INFO com.cg.practice.courses.courses.controller.StaffController [http-nio-8081-exec-7] Returning all staff details
2021-04-08 17:07:35,053 INFO com.cg.practice.courses.courses.controller.StaffController [http-nio-8081-exec-9] Staff: 18 deleted from database
2021-04-08 17:07:49,481 INFO com.cg.practice.courses.courses.controller.StaffController [http-nio-8081-exec-1] Returning all staff details
2021-04-08 17:12:16,007 INFO org.springframework.scheduling.concurrent.ThreadPoolTaskExecutor [Thread-18] Shutting down ExecutorService 'applicationTaskExecutor'
2021-04-08 17:12:16,010 INFO org.springframework.orm.jpa.LocalContainerEntityManagerFactoryBean [Thread-18] Closing JPA EntityManagerFactory for persistence unit 'default'
2021-04-08 17:12:16,012 INFO com.zaxxer.hikari.HikariDataSource [Thread-18] HikariPool-3 - Shutdown initiated...
2021-04-08 17:12:16,025 INFO com.zaxxer.hikari.HikariDataSource [Thread-18] HikariPool-3 - Shutdown completed.
2021-04-08 17:12:16,174 INFO com.cg.practice.courses.courses.CoursesApplication [restartedMain] Starting CoursesApplication using Java 15.0.1 on LIN51010587 with PID 19008 (C:\Users\ASMANE\Downloads\courses\target\classes started by asmane in C:\Users\ASMANE\Downloads\courses)
2021-04-08 17:12:16,175 DEBUG com.cg.practice.courses.courses.CoursesApplication [restartedMain] Running with Spring Boot v2.4.2, Spring v5.3.3
2021-04-08 17:12:16,175 INFO com.cg.practice.courses.courses.CoursesApplication [restartedMain] No active profile set, falling back to default profiles: default
2021-04-08 17:12:16,947 INFO org.springframework.data.repository.config.RepositoryConfigurationDelegate [restartedMain] Bootstrapping Spring Data JPA repositories in DEFAULT mode.
2021-04-08 17:12:16,968 INFO org.springframework.data.repository.config.RepositoryConfigurationDelegate [restartedMain] Finished Spring Data repository scanning in 21 ms. Found 3 JPA repository interfaces.
2021-04-08 17:12:17,159 INFO org.springframework.boot.web.embedded.tomcat.TomcatWebServer [restartedMain] Tomcat initialized with port(s): 8081 (http)
2021-04-08 17:12:17,160 INFO org.apache.coyote.http11.Http11NioProtocol [restartedMain] Initializing ProtocolHandler ["http-nio-8081"]
2021-04-08 17:12:17,161 INFO org.apache.catalina.core.StandardService [restartedMain] Starting service [Tomcat]
2021-04-08 17:12:17,161 INFO org.apache.catalina.core.StandardEngine [restartedMain] Starting Servlet engine: [Apache Tomcat/9.0.41]
2021-04-08 17:12:17,232 INFO org.apache.catalina.core.ContainerBase.[Tomcat].[localhost].[/springfox] [restartedMain] Initializing Spring embedded WebApplicationContext
2021-04-08 17:12:17,232 INFO org.springframework.boot.web.servlet.context.ServletWebServerApplicationContext [restartedMain] Root WebApplicationContext: initialization completed in 1053 ms
2021-04-08 17:12:17,277 INFO org.hibernate.jpa.internal.util.LogHelper [restartedMain] HHH000204: Processing PersistenceUnitInfo [name: default]
2021-04-08 17:12:17,288 INFO com.zaxxer.hikari.HikariDataSource [restartedMain] HikariPool-4 - Starting...
2021-04-08 17:12:17,549 INFO com.zaxxer.hikari.HikariDataSource [restartedMain] HikariPool-4 - Start completed.
2021-04-08 17:12:17,549 INFO org.hibernate.dialect.Dialect [restartedMain] HHH000400: Using dialect: org.hibernate.dialect.PostgreSQL10Dialect
2021-04-08 17:12:17,927 INFO org.hibernate.engine.transaction.jta.platform.internal.JtaPlatformInitiator [restartedMain] HHH000490: Using JtaPlatform implementation: [org.hibernate.engine.transaction.jta.platform.internal.NoJtaPlatform]
2021-04-08 17:12:17,928 INFO org.springframework.orm.jpa.LocalContainerEntityManagerFactoryBean [restartedMain] Initialized JPA EntityManagerFactory for persistence unit 'default'
2021-04-08 17:12:17,936 INFO org.springframework.boot.devtools.autoconfigure.OptionalLiveReloadServer [restartedMain] LiveReload server is running on port 35729
2021-04-08 17:12:18,195 WARN org.springframework.boot.autoconfigure.orm.jpa.JpaBaseConfiguration$JpaWebConfiguration [restartedMain] spring.jpa.open-in-view is enabled by default. Therefore, database queries may be performed during view rendering. Explicitly configure spring.jpa.open-in-view to disable this warning
2021-04-08 17:12:18,366 INFO org.springframework.scheduling.concurrent.ThreadPoolTaskExecutor [restartedMain] Initializing ExecutorService 'applicationTaskExecutor'
2021-04-08 17:12:18,457 INFO org.apache.coyote.http11.Http11NioProtocol [restartedMain] Starting ProtocolHandler ["http-nio-8081"]
2021-04-08 17:12:18,479 INFO org.springframework.boot.web.embedded.tomcat.TomcatWebServer [restartedMain] Tomcat started on port(s): 8081 (http) with context path '/springfox'
2021-04-08 17:12:18,878 INFO com.cg.practice.courses.courses.CoursesApplication [restartedMain] Started CoursesApplication in 2.767 seconds (JVM running for 4593.837)
2021-04-08 17:12:18,881 INFO org.springframework.boot.devtools.autoconfigure.ConditionEvaluationDeltaLoggingListener [restartedMain] Condition evaluation unchanged
