2021-04-16 12:18:32,098 INFO com.cg.practice.courses.courses.CoursesApplication [restartedMain] Starting CoursesApplication using Java 15.0.1 on LIN51010587 with PID 15068 (C:\Users\ASMANE\Downloads\courses\target\classes started by asmane in C:\Users\ASMANE\Downloads\courses)
2021-04-16 12:18:32,145 DEBUG com.cg.practice.courses.courses.CoursesApplication [restartedMain] Running with Spring Boot v2.4.2, Spring v5.3.3
2021-04-16 12:18:32,146 INFO com.cg.practice.courses.courses.CoursesApplication [restartedMain] No active profile set, falling back to default profiles: default
2021-04-16 12:18:32,397 INFO org.springframework.boot.devtools.env.DevToolsPropertyDefaultsPostProcessor [restartedMain] Devtools property defaults active! Set 'spring.devtools.add-properties' to 'false' to disable
2021-04-16 12:18:32,399 INFO org.springframework.boot.devtools.env.DevToolsPropertyDefaultsPostProcessor [restartedMain] For additional web related logging consider setting the 'logging.level.web' property to 'DEBUG'
2021-04-16 12:18:35,654 INFO org.springframework.data.repository.config.RepositoryConfigurationDelegate [restartedMain] Bootstrapping Spring Data JPA repositories in DEFAULT mode.
2021-04-16 12:18:35,842 INFO org.springframework.data.repository.config.RepositoryConfigurationDelegate [restartedMain] Finished Spring Data repository scanning in 165 ms. Found 3 JPA repository interfaces.
2021-04-16 12:18:38,835 INFO org.springframework.boot.web.embedded.tomcat.TomcatWebServer [restartedMain] Tomcat initialized with port(s): 8081 (http)
2021-04-16 12:18:38,872 INFO org.apache.coyote.http11.Http11NioProtocol [restartedMain] Initializing ProtocolHandler ["http-nio-8081"]
2021-04-16 12:18:38,874 INFO org.apache.catalina.core.StandardService [restartedMain] Starting service [Tomcat]
2021-04-16 12:18:38,875 INFO org.apache.catalina.core.StandardEngine [restartedMain] Starting Servlet engine: [Apache Tomcat/9.0.41]
2021-04-16 12:18:39,203 INFO org.apache.catalina.core.ContainerBase.[Tomcat].[localhost].[/springfox] [restartedMain] Initializing Spring embedded WebApplicationContext
2021-04-16 12:18:39,204 INFO org.springframework.boot.web.servlet.context.ServletWebServerApplicationContext [restartedMain] Root WebApplicationContext: initialization completed in 6802 ms
2021-04-16 12:18:39,863 INFO org.hibernate.jpa.internal.util.LogHelper [restartedMain] HHH000204: Processing PersistenceUnitInfo [name: default]
2021-04-16 12:18:40,078 INFO org.hibernate.Version [restartedMain] HHH000412: Hibernate ORM core version 5.4.27.Final
2021-04-16 12:18:40,765 INFO org.hibernate.annotations.common.Version [restartedMain] HCANN000001: Hibernate Commons Annotations {5.1.2.Final}
2021-04-16 12:18:41,427 INFO com.zaxxer.hikari.HikariDataSource [restartedMain] HikariPool-1 - Starting...
2021-04-16 12:18:42,154 INFO com.zaxxer.hikari.HikariDataSource [restartedMain] HikariPool-1 - Start completed.
2021-04-16 12:18:42,251 INFO org.hibernate.dialect.Dialect [restartedMain] HHH000400: Using dialect: org.hibernate.dialect.PostgreSQL10Dialect
2021-04-16 12:18:44,901 INFO org.hibernate.engine.transaction.jta.platform.internal.JtaPlatformInitiator [restartedMain] HHH000490: Using JtaPlatform implementation: [org.hibernate.engine.transaction.jta.platform.internal.NoJtaPlatform]
2021-04-16 12:18:44,929 INFO org.springframework.orm.jpa.LocalContainerEntityManagerFactoryBean [restartedMain] Initialized JPA EntityManagerFactory for persistence unit 'default'
2021-04-16 12:18:45,002 INFO org.springframework.boot.devtools.autoconfigure.OptionalLiveReloadServer [restartedMain] LiveReload server is running on port 35729
2021-04-16 12:18:46,878 WARN org.springframework.boot.autoconfigure.orm.jpa.JpaBaseConfiguration$JpaWebConfiguration [restartedMain] spring.jpa.open-in-view is enabled by default. Therefore, database queries may be performed during view rendering. Explicitly configure spring.jpa.open-in-view to disable this warning
2021-04-16 12:18:47,843 INFO org.springframework.scheduling.concurrent.ThreadPoolTaskExecutor [restartedMain] Initializing ExecutorService 'applicationTaskExecutor'
2021-04-16 12:18:48,483 INFO org.apache.coyote.http11.Http11NioProtocol [restartedMain] Starting ProtocolHandler ["http-nio-8081"]
2021-04-16 12:18:48,548 INFO org.springframework.boot.web.embedded.tomcat.TomcatWebServer [restartedMain] Tomcat started on port(s): 8081 (http) with context path '/springfox'
2021-04-16 12:18:49,415 INFO com.cg.practice.courses.courses.CoursesApplication [restartedMain] Started CoursesApplication in 18.858 seconds (JVM running for 21.667)
2021-04-16 12:35:54,808 INFO org.apache.catalina.core.ContainerBase.[Tomcat].[localhost].[/springfox] [http-nio-8081-exec-10] Initializing Spring DispatcherServlet 'dispatcherServlet'
2021-04-16 12:35:54,828 INFO org.springframework.web.servlet.DispatcherServlet [http-nio-8081-exec-10] Initializing Servlet 'dispatcherServlet'
2021-04-16 12:35:54,972 INFO org.springframework.web.servlet.DispatcherServlet [http-nio-8081-exec-10] Completed initialization in 142 ms
2021-04-16 12:37:25,488 INFO com.cg.practice.courses.courses.controller.CoursesController [http-nio-8081-exec-6] Course: 0 updated
2021-04-16 14:45:53,729 INFO org.apache.coyote.http11.Http11Processor [http-nio-8081-exec-8] Error parsing HTTP request header
 Note: further occurrences of HTTP request parsing errors will be logged at DEBUG level.
java.lang.IllegalArgumentException: Invalid character found in method name [0x160x030x010x020x000x010x000x010xfc0x030x030xbeM0xd80x840xee0x8eT0x04$0x12C0xe8+0xf20x0c0xc80xff#L0x920xcc0xc1@0xa00x8ah*10x9c0xa20xbc0xce]. HTTP method names must be tokens
	at org.apache.coyote.http11.Http11InputBuffer.parseRequestLine(Http11InputBuffer.java:417)
	at org.apache.coyote.http11.Http11Processor.service(Http11Processor.java:261)
	at org.apache.coyote.AbstractProcessorLight.process(AbstractProcessorLight.java:65)
	at org.apache.coyote.AbstractProtocol$ConnectionHandler.process(AbstractProtocol.java:888)
	at org.apache.tomcat.util.net.NioEndpoint$SocketProcessor.doRun(NioEndpoint.java:1597)
	at org.apache.tomcat.util.net.SocketProcessorBase.run(SocketProcessorBase.java:49)
	at java.base/java.util.concurrent.ThreadPoolExecutor.runWorker(ThreadPoolExecutor.java:1130)
	at java.base/java.util.concurrent.ThreadPoolExecutor$Worker.run(ThreadPoolExecutor.java:630)
	at org.apache.tomcat.util.threads.TaskThread$WrappingRunnable.run(TaskThread.java:61)
	at java.base/java.lang.Thread.run(Thread.java:832)
2021-04-16 14:45:54,774 INFO org.apache.coyote.http11.Http11Processor [http-nio-8081-exec-10] Error parsing HTTP request header
 Note: further occurrences of HTTP request parsing errors will be logged at DEBUG level.
java.lang.IllegalArgumentException: Invalid character found in method name [0x160x030x010x020x000x010x000x010xfc0x030x030xf60x960xf1GC0xad0x1d0xea0x910xf1O5v0xb7;0x040xcdw0x9fh0x870xea0xce0xe00xbc0xbf0xe0,0x800x150x9a0x9c]. HTTP method names must be tokens
	at org.apache.coyote.http11.Http11InputBuffer.parseRequestLine(Http11InputBuffer.java:417)
	at org.apache.coyote.http11.Http11Processor.service(Http11Processor.java:261)
	at org.apache.coyote.AbstractProcessorLight.process(AbstractProcessorLight.java:65)
	at org.apache.coyote.AbstractProtocol$ConnectionHandler.process(AbstractProtocol.java:888)
	at org.apache.tomcat.util.net.NioEndpoint$SocketProcessor.doRun(NioEndpoint.java:1597)
	at org.apache.tomcat.util.net.SocketProcessorBase.run(SocketProcessorBase.java:49)
	at java.base/java.util.concurrent.ThreadPoolExecutor.runWorker(ThreadPoolExecutor.java:1130)
	at java.base/java.util.concurrent.ThreadPoolExecutor$Worker.run(ThreadPoolExecutor.java:630)
	at org.apache.tomcat.util.threads.TaskThread$WrappingRunnable.run(TaskThread.java:61)
	at java.base/java.lang.Thread.run(Thread.java:832)
