2021-04-21 13:02:28,946 INFO com.cg.practice.courses.courses.CoursesApplication [restartedMain] Starting CoursesApplication using Java 15.0.1 on LIN51010587 with PID 11764 (C:\Users\ASMANE\Downloads\courses\target\classes started by asmane in C:\Users\ASMANE\Downloads\courses)
2021-04-21 13:02:28,988 DEBUG com.cg.practice.courses.courses.CoursesApplication [restartedMain] Running with Spring Boot v2.4.2, Spring v5.3.3
2021-04-21 13:02:28,990 INFO com.cg.practice.courses.courses.CoursesApplication [restartedMain] No active profile set, falling back to default profiles: default
2021-04-21 13:02:29,199 INFO org.springframework.boot.devtools.env.DevToolsPropertyDefaultsPostProcessor [restartedMain] Devtools property defaults active! Set 'spring.devtools.add-properties' to 'false' to disable
2021-04-21 13:02:29,200 INFO org.springframework.boot.devtools.env.DevToolsPropertyDefaultsPostProcessor [restartedMain] For additional web related logging consider setting the 'logging.level.web' property to 'DEBUG'
2021-04-21 13:02:32,621 INFO org.springframework.data.repository.config.RepositoryConfigurationDelegate [restartedMain] Bootstrapping Spring Data JPA repositories in DEFAULT mode.
2021-04-21 13:02:32,768 INFO org.springframework.data.repository.config.RepositoryConfigurationDelegate [restartedMain] Finished Spring Data repository scanning in 127 ms. Found 3 JPA repository interfaces.
2021-04-21 13:02:36,884 INFO org.springframework.boot.web.embedded.tomcat.TomcatWebServer [restartedMain] Tomcat initialized with port(s): 8081 (http)
2021-04-21 13:02:36,914 INFO org.apache.coyote.http11.Http11NioProtocol [restartedMain] Initializing ProtocolHandler ["http-nio-8081"]
2021-04-21 13:02:36,916 INFO org.apache.catalina.core.StandardService [restartedMain] Starting service [Tomcat]
2021-04-21 13:02:36,916 INFO org.apache.catalina.core.StandardEngine [restartedMain] Starting Servlet engine: [Apache Tomcat/9.0.41]
2021-04-21 13:02:37,316 INFO org.apache.catalina.core.ContainerBase.[Tomcat].[localhost].[/springfox] [restartedMain] Initializing Spring embedded WebApplicationContext
2021-04-21 13:02:37,317 INFO org.springframework.boot.web.servlet.context.ServletWebServerApplicationContext [restartedMain] Root WebApplicationContext: initialization completed in 8116 ms
2021-04-21 13:02:38,481 INFO org.hibernate.jpa.internal.util.LogHelper [restartedMain] HHH000204: Processing PersistenceUnitInfo [name: default]
2021-04-21 13:02:38,724 INFO org.hibernate.Version [restartedMain] HHH000412: Hibernate ORM core version 5.4.27.Final
2021-04-21 13:02:39,487 INFO org.hibernate.annotations.common.Version [restartedMain] HCANN000001: Hibernate Commons Annotations {5.1.2.Final}
2021-04-21 13:02:40,030 INFO com.zaxxer.hikari.HikariDataSource [restartedMain] HikariPool-1 - Starting...
2021-04-21 13:02:40,812 INFO com.zaxxer.hikari.HikariDataSource [restartedMain] HikariPool-1 - Start completed.
2021-04-21 13:02:40,922 INFO org.hibernate.dialect.Dialect [restartedMain] HHH000400: Using dialect: org.hibernate.dialect.PostgreSQL10Dialect
2021-04-21 13:02:44,361 INFO org.hibernate.engine.transaction.jta.platform.internal.JtaPlatformInitiator [restartedMain] HHH000490: Using JtaPlatform implementation: [org.hibernate.engine.transaction.jta.platform.internal.NoJtaPlatform]
2021-04-21 13:02:44,387 INFO org.springframework.orm.jpa.LocalContainerEntityManagerFactoryBean [restartedMain] Initialized JPA EntityManagerFactory for persistence unit 'default'
2021-04-21 13:02:44,468 INFO org.springframework.boot.devtools.autoconfigure.OptionalLiveReloadServer [restartedMain] LiveReload server is running on port 35729
2021-04-21 13:02:46,197 WARN org.springframework.boot.autoconfigure.orm.jpa.JpaBaseConfiguration$JpaWebConfiguration [restartedMain] spring.jpa.open-in-view is enabled by default. Therefore, database queries may be performed during view rendering. Explicitly configure spring.jpa.open-in-view to disable this warning
2021-04-21 13:02:46,915 INFO org.springframework.scheduling.concurrent.ThreadPoolTaskExecutor [restartedMain] Initializing ExecutorService 'applicationTaskExecutor'
2021-04-21 13:02:47,501 INFO org.apache.coyote.http11.Http11NioProtocol [restartedMain] Starting ProtocolHandler ["http-nio-8081"]
2021-04-21 13:02:47,563 INFO org.springframework.boot.web.embedded.tomcat.TomcatWebServer [restartedMain] Tomcat started on port(s): 8081 (http) with context path '/springfox'
2021-04-21 13:02:48,940 INFO com.cg.practice.courses.courses.CoursesApplication [restartedMain] Started CoursesApplication in 21.631 seconds (JVM running for 24.316)
2021-04-21 13:04:13,240 INFO org.apache.catalina.core.ContainerBase.[Tomcat].[localhost].[/springfox] [http-nio-8081-exec-1] Initializing Spring DispatcherServlet 'dispatcherServlet'
2021-04-21 13:04:13,242 INFO org.springframework.web.servlet.DispatcherServlet [http-nio-8081-exec-1] Initializing Servlet 'dispatcherServlet'
2021-04-21 13:04:13,248 INFO org.springframework.web.servlet.DispatcherServlet [http-nio-8081-exec-1] Completed initialization in 5 ms
2021-04-21 13:05:28,882 INFO com.cg.practice.courses.courses.controller.CoursesController [http-nio-8081-exec-5] Returning all courses details
2021-04-21 13:06:09,031 INFO com.cg.practice.courses.courses.controller.CoursesController [http-nio-8081-exec-9] Returning all courses details
2021-04-21 13:06:20,216 INFO com.cg.practice.courses.courses.controller.CoursesController [http-nio-8081-exec-1] Returning all courses details
2021-04-21 13:10:45,801 INFO com.cg.practice.courses.courses.controller.CoursesController [http-nio-8081-exec-7] Course:0 added to database
2021-04-21 13:12:57,506 INFO com.cg.practice.courses.courses.controller.CoursesController [http-nio-8081-exec-2] Course:8 added to database
2021-04-21 13:12:57,564 INFO com.cg.practice.courses.courses.controller.CoursesController [http-nio-8081-exec-4] Returning all courses details
2021-04-21 13:13:46,695 INFO com.cg.practice.courses.courses.controller.CoursesController [http-nio-8081-exec-8] Returning all courses details
2021-04-21 13:18:58,148 INFO com.cg.practice.courses.courses.controller.CoursesController [http-nio-8081-exec-10] Returning all courses details
2021-04-21 13:19:08,246 INFO com.cg.practice.courses.courses.controller.CoursesController [http-nio-8081-exec-7] Returning all courses details
2021-04-21 13:19:18,711 INFO com.cg.practice.courses.courses.controller.CoursesController [http-nio-8081-exec-6] Course:9 added to database
2021-04-21 13:19:18,759 INFO com.cg.practice.courses.courses.controller.CoursesController [http-nio-8081-exec-2] Returning all courses details
2021-04-21 13:21:29,676 INFO com.cg.practice.courses.courses.controller.CoursesController [http-nio-8081-exec-5] Course:10 added to database
2021-04-21 13:21:29,748 INFO com.cg.practice.courses.courses.controller.CoursesController [http-nio-8081-exec-8] Returning all courses details
2021-04-21 13:22:07,618 INFO com.cg.practice.courses.courses.controller.CoursesController [http-nio-8081-exec-10] Returning all courses details
2021-04-21 13:24:56,448 INFO com.cg.practice.courses.courses.controller.CoursesController [http-nio-8081-exec-7] Course:11 added to database
2021-04-21 13:24:56,530 INFO com.cg.practice.courses.courses.controller.CoursesController [http-nio-8081-exec-3] Returning all courses details
2021-04-21 14:06:07,376 INFO com.cg.practice.courses.courses.controller.CoursesController [http-nio-8081-exec-2] Returning all courses details
2021-04-21 14:07:41,537 INFO com.cg.practice.courses.courses.controller.CoursesController [http-nio-8081-exec-5] Course: 8 deleted from database
2021-04-21 14:09:37,880 INFO com.cg.practice.courses.courses.controller.CoursesController [http-nio-8081-exec-9] Course:7 added to database
2021-04-21 14:11:06,752 INFO com.cg.practice.courses.courses.controller.CoursesController [http-nio-8081-exec-1] Course addedCourses(id=5, courseName=jpa, startDate=2021-04-08, endDate=2021-04-08)
2021-04-21 14:11:30,086 INFO com.cg.practice.courses.courses.controller.CoursesController [http-nio-8081-exec-3] Returning all courses details
2021-04-21 14:11:30,974 INFO com.cg.practice.courses.courses.controller.CoursesController [http-nio-8081-exec-6] Returning all courses details
2021-04-21 14:11:38,967 INFO com.cg.practice.courses.courses.controller.CoursesController [http-nio-8081-exec-4] Returning all courses details
2021-04-21 14:11:40,079 INFO com.cg.practice.courses.courses.controller.CoursesController [http-nio-8081-exec-5] Returning all courses details
2021-04-21 14:11:45,169 INFO com.cg.practice.courses.courses.controller.CoursesController [http-nio-8081-exec-9] Returning all courses details
2021-04-21 14:11:52,086 INFO com.cg.practice.courses.courses.controller.CoursesController [http-nio-8081-exec-10] Returning all courses details
2021-04-21 14:17:03,993 INFO com.cg.practice.courses.courses.controller.CoursesController [http-nio-8081-exec-7] Returning all courses details
2021-04-21 14:17:06,062 INFO com.cg.practice.courses.courses.controller.CoursesController [http-nio-8081-exec-6] Returning all courses details
2021-04-21 14:17:11,094 INFO com.cg.practice.courses.courses.controller.CoursesController [http-nio-8081-exec-2] Returning all courses details
2021-04-21 14:18:50,029 INFO com.cg.practice.courses.courses.controller.CoursesController [http-nio-8081-exec-5] Returning all courses details
2021-04-21 14:19:20,003 INFO com.cg.practice.courses.courses.controller.CoursesController [http-nio-8081-exec-9] Returning all courses details
2021-04-21 14:19:33,471 WARN org.springframework.web.servlet.mvc.method.annotation.ExceptionHandlerExceptionResolver [http-nio-8081-exec-7] Resolved [org.springframework.web.method.annotation.MethodArgumentTypeMismatchException: Failed to convert value of type 'java.lang.String' to required type 'java.lang.Integer'; nested exception is java.lang.NumberFormatException: For input string: "id"]
2021-04-21 14:20:31,071 WARN org.springframework.web.servlet.mvc.method.annotation.ExceptionHandlerExceptionResolver [http-nio-8081-exec-3] Resolved [org.springframework.web.method.annotation.MethodArgumentTypeMismatchException: Failed to convert value of type 'java.lang.String' to required type 'java.lang.Integer'; nested exception is java.lang.NumberFormatException: For input string: "id"]
2021-04-21 14:20:58,080 INFO com.cg.practice.courses.courses.controller.CoursesController [http-nio-8081-exec-6] Returning all courses details
2021-04-21 14:21:04,777 WARN org.springframework.web.servlet.mvc.method.annotation.ExceptionHandlerExceptionResolver [http-nio-8081-exec-4] Resolved [org.springframework.web.method.annotation.MethodArgumentTypeMismatchException: Failed to convert value of type 'java.lang.String' to required type 'java.lang.Integer'; nested exception is java.lang.NumberFormatException: For input string: "id"]
2021-04-21 14:21:46,562 INFO com.cg.practice.courses.courses.controller.CoursesController [http-nio-8081-exec-5] Returning all courses details
2021-04-21 14:21:50,811 INFO com.cg.practice.courses.courses.controller.CoursesController [http-nio-8081-exec-8] Returning all courses details
2021-04-21 14:24:06,464 INFO com.cg.practice.courses.courses.controller.CoursesController [http-nio-8081-exec-10] Returning all courses details
2021-04-21 14:26:52,986 INFO com.cg.practice.courses.courses.controller.CoursesController [http-nio-8081-exec-7] Returning all courses details
2021-04-21 14:31:38,427 INFO com.cg.practice.courses.courses.controller.CoursesController [http-nio-8081-exec-6] Returning all courses details
2021-04-21 14:31:46,873 INFO com.cg.practice.courses.courses.controller.CoursesController [http-nio-8081-exec-4] Returning all courses details
2021-04-21 14:31:48,646 WARN org.springframework.web.servlet.mvc.method.annotation.ExceptionHandlerExceptionResolver [http-nio-8081-exec-5] Resolved [org.springframework.web.method.annotation.MethodArgumentTypeMismatchException: Failed to convert value of type 'java.lang.String' to required type 'java.lang.Integer'; nested exception is java.lang.NumberFormatException: For input string: "id"]
2021-04-21 14:31:55,894 INFO com.cg.practice.courses.courses.controller.CoursesController [http-nio-8081-exec-8] Returning all courses details
2021-04-21 14:33:04,060 INFO com.cg.practice.courses.courses.controller.CoursesController [http-nio-8081-exec-10] Returning all courses details
2021-04-21 14:33:11,196 INFO com.cg.practice.courses.courses.controller.CoursesController [http-nio-8081-exec-7] Returning all courses details
2021-04-21 14:36:43,035 INFO com.cg.practice.courses.courses.controller.CoursesController [http-nio-8081-exec-6] Returning all courses details
2021-04-21 14:37:59,983 INFO com.cg.practice.courses.courses.controller.CoursesController [http-nio-8081-exec-4] Returning all courses details
2021-04-21 14:38:01,071 INFO com.cg.practice.courses.courses.controller.CoursesController [http-nio-8081-exec-5] Returning all courses details
2021-04-21 14:38:44,996 INFO com.cg.practice.courses.courses.controller.CoursesController [http-nio-8081-exec-9] Returning all courses details
2021-04-21 14:39:16,337 INFO com.cg.practice.courses.courses.controller.CoursesController [http-nio-8081-exec-1] Returning all courses details
2021-04-21 14:44:27,821 INFO com.cg.practice.courses.courses.controller.CoursesController [http-nio-8081-exec-3] Returning all courses details
2021-04-21 14:44:43,548 INFO com.cg.practice.courses.courses.controller.CoursesController [http-nio-8081-exec-2] Returning all courses details
2021-04-21 14:46:46,829 INFO com.cg.practice.courses.courses.controller.CoursesController [http-nio-8081-exec-5] Returning all courses details
2021-04-21 14:46:53,490 INFO com.cg.practice.courses.courses.controller.CoursesController [http-nio-8081-exec-9] Returning all courses details
2021-04-21 14:47:18,164 INFO com.cg.practice.courses.courses.controller.CoursesController [http-nio-8081-exec-1] Returning all courses details
