2021-04-27 13:33:30,988 INFO com.cg.practice.courses.courses.CoursesApplication [restartedMain] Starting CoursesApplication using Java 15.0.1 on LIN51010587 with PID 15760 (C:\Users\ASMANE\Downloads\courses\target\classes started by asmane in C:\Users\ASMANE\Downloads\courses)
2021-04-27 13:33:31,028 DEBUG com.cg.practice.courses.courses.CoursesApplication [restartedMain] Running with Spring Boot v2.4.2, Spring v5.3.3
2021-04-27 13:33:31,030 INFO com.cg.practice.courses.courses.CoursesApplication [restartedMain] No active profile set, falling back to default profiles: default
2021-04-27 13:33:31,267 INFO org.springframework.boot.devtools.env.DevToolsPropertyDefaultsPostProcessor [restartedMain] Devtools property defaults active! Set 'spring.devtools.add-properties' to 'false' to disable
2021-04-27 13:33:31,269 INFO org.springframework.boot.devtools.env.DevToolsPropertyDefaultsPostProcessor [restartedMain] For additional web related logging consider setting the 'logging.level.web' property to 'DEBUG'
2021-04-27 13:33:34,298 INFO org.springframework.data.repository.config.RepositoryConfigurationDelegate [restartedMain] Bootstrapping Spring Data JPA repositories in DEFAULT mode.
2021-04-27 13:33:34,509 INFO org.springframework.data.repository.config.RepositoryConfigurationDelegate [restartedMain] Finished Spring Data repository scanning in 181 ms. Found 5 JPA repository interfaces.
2021-04-27 13:33:37,698 INFO org.springframework.boot.web.embedded.tomcat.TomcatWebServer [restartedMain] Tomcat initialized with port(s): 8081 (http)
2021-04-27 13:33:37,732 INFO org.apache.coyote.http11.Http11NioProtocol [restartedMain] Initializing ProtocolHandler ["http-nio-8081"]
2021-04-27 13:33:37,734 INFO org.apache.catalina.core.StandardService [restartedMain] Starting service [Tomcat]
2021-04-27 13:33:37,735 INFO org.apache.catalina.core.StandardEngine [restartedMain] Starting Servlet engine: [Apache Tomcat/9.0.41]
2021-04-27 13:33:38,131 INFO org.apache.catalina.core.ContainerBase.[Tomcat].[localhost].[/springfox] [restartedMain] Initializing Spring embedded WebApplicationContext
2021-04-27 13:33:38,132 INFO org.springframework.boot.web.servlet.context.ServletWebServerApplicationContext [restartedMain] Root WebApplicationContext: initialization completed in 6861 ms
2021-04-27 13:33:38,791 INFO org.hibernate.jpa.internal.util.LogHelper [restartedMain] HHH000204: Processing PersistenceUnitInfo [name: default]
2021-04-27 13:33:39,089 INFO org.hibernate.Version [restartedMain] HHH000412: Hibernate ORM core version 5.4.27.Final
2021-04-27 13:33:39,970 INFO org.hibernate.annotations.common.Version [restartedMain] HCANN000001: Hibernate Commons Annotations {5.1.2.Final}
2021-04-27 13:33:40,850 INFO com.zaxxer.hikari.HikariDataSource [restartedMain] HikariPool-1 - Starting...
2021-04-27 13:33:41,474 INFO com.zaxxer.hikari.HikariDataSource [restartedMain] HikariPool-1 - Start completed.
2021-04-27 13:33:41,559 INFO org.hibernate.dialect.Dialect [restartedMain] HHH000400: Using dialect: org.hibernate.dialect.PostgreSQL10Dialect
2021-04-27 13:33:44,745 INFO org.hibernate.engine.transaction.jta.platform.internal.JtaPlatformInitiator [restartedMain] HHH000490: Using JtaPlatform implementation: [org.hibernate.engine.transaction.jta.platform.internal.NoJtaPlatform]
2021-04-27 13:33:44,780 INFO org.springframework.orm.jpa.LocalContainerEntityManagerFactoryBean [restartedMain] Initialized JPA EntityManagerFactory for persistence unit 'default'
2021-04-27 13:33:44,838 INFO org.springframework.boot.devtools.autoconfigure.OptionalLiveReloadServer [restartedMain] LiveReload server is running on port 35729
2021-04-27 13:33:47,239 WARN org.springframework.boot.autoconfigure.orm.jpa.JpaBaseConfiguration$JpaWebConfiguration [restartedMain] spring.jpa.open-in-view is enabled by default. Therefore, database queries may be performed during view rendering. Explicitly configure spring.jpa.open-in-view to disable this warning
2021-04-27 13:33:48,158 INFO org.springframework.scheduling.concurrent.ThreadPoolTaskExecutor [restartedMain] Initializing ExecutorService 'applicationTaskExecutor'
2021-04-27 13:33:48,750 INFO org.apache.coyote.http11.Http11NioProtocol [restartedMain] Starting ProtocolHandler ["http-nio-8081"]
2021-04-27 13:33:48,847 INFO org.springframework.boot.web.embedded.tomcat.TomcatWebServer [restartedMain] Tomcat started on port(s): 8081 (http) with context path '/springfox'
2021-04-27 13:33:49,045 INFO org.apache.catalina.core.ContainerBase.[Tomcat].[localhost].[/springfox] [http-nio-8081-exec-2] Initializing Spring DispatcherServlet 'dispatcherServlet'
2021-04-27 13:33:49,046 INFO org.springframework.web.servlet.DispatcherServlet [http-nio-8081-exec-2] Initializing Servlet 'dispatcherServlet'
2021-04-27 13:33:49,049 INFO org.springframework.web.servlet.DispatcherServlet [http-nio-8081-exec-2] Completed initialization in 2 ms
2021-04-27 13:33:50,159 INFO com.cg.practice.courses.courses.CoursesApplication [restartedMain] Started CoursesApplication in 20.632 seconds (JVM running for 23.453)
2021-04-27 13:36:06,736 INFO com.cg.practice.courses.courses.controller.StaffController [http-nio-8081-exec-2] Returning all staff details
2021-04-27 13:36:36,777 WARN org.springframework.web.servlet.mvc.method.annotation.ExceptionHandlerExceptionResolver [http-nio-8081-exec-1] Resolved [org.springframework.http.converter.HttpMessageNotReadableException: Required request body is missing: public java.lang.String com.cg.practice.courses.courses.controller.StaffController.addStaff(com.cg.practice.courses.courses.entity.Staff)]
2021-04-27 13:36:41,138 WARN org.springframework.web.servlet.mvc.method.annotation.ExceptionHandlerExceptionResolver [http-nio-8081-exec-4] Resolved [org.springframework.http.converter.HttpMessageNotReadableException: Required request body is missing: public java.lang.String com.cg.practice.courses.courses.controller.StaffController.addStaff(com.cg.practice.courses.courses.entity.Staff)]
2021-04-27 13:37:06,876 WARN org.springframework.web.servlet.mvc.method.annotation.ExceptionHandlerExceptionResolver [http-nio-8081-exec-5] Resolved [org.springframework.http.converter.HttpMessageNotReadableException: Required request body is missing: public java.lang.String com.cg.practice.courses.courses.controller.StaffController.addStaff(com.cg.practice.courses.courses.entity.Staff)]
2021-04-27 13:37:50,774 INFO com.cg.practice.courses.courses.controller.StaffController [http-nio-8081-exec-6] Returning all staff details
2021-04-27 13:38:03,267 INFO com.cg.practice.courses.courses.controller.StaffController [http-nio-8081-exec-8] Returning all staff details
2021-04-27 13:41:53,557 INFO com.cg.practice.courses.courses.controller.CoursesController [http-nio-8081-exec-10] Returning all courses details
2021-04-27 13:42:15,514 INFO com.cg.practice.courses.courses.controller.CoursesController [http-nio-8081-exec-1] Course: 12 deleted from database
2021-04-27 13:44:43,785 INFO com.cg.practice.courses.courses.controller.CoursesController [http-nio-8081-exec-5] Returning all courses details
2021-04-27 13:44:47,693 INFO com.cg.practice.courses.courses.controller.CoursesController [http-nio-8081-exec-6] Returning all courses details
2021-04-27 13:47:06,693 INFO com.cg.practice.courses.courses.controller.StaffController [http-nio-8081-exec-8] Returning all staff details
2021-04-27 13:47:10,924 INFO com.cg.practice.courses.courses.controller.StaffController [http-nio-8081-exec-10] Returning all staff details
2021-04-27 13:47:38,690 INFO com.cg.practice.courses.courses.controller.StaffController [http-nio-8081-exec-2] Returning all staff details
2021-04-27 13:47:43,693 INFO com.cg.practice.courses.courses.controller.StaffController [http-nio-8081-exec-3] Returning all staff details
2021-04-27 13:48:54,703 INFO com.cg.practice.courses.courses.controller.StaffController [http-nio-8081-exec-1] Returning all staff details
2021-04-27 13:49:21,129 INFO com.cg.practice.courses.courses.controller.StaffController [http-nio-8081-exec-4] Returning all staff details
2021-04-27 13:51:25,070 INFO com.cg.practice.courses.courses.controller.StaffController [http-nio-8081-exec-5] Returning all staff details
2021-04-27 13:51:39,475 INFO org.springframework.scheduling.concurrent.ThreadPoolTaskExecutor [Thread-5] Shutting down ExecutorService 'applicationTaskExecutor'
2021-04-27 13:51:39,542 INFO org.springframework.orm.jpa.LocalContainerEntityManagerFactoryBean [Thread-5] Closing JPA EntityManagerFactory for persistence unit 'default'
2021-04-27 13:51:39,630 INFO com.zaxxer.hikari.HikariDataSource [Thread-5] HikariPool-1 - Shutdown initiated...
2021-04-27 13:51:39,699 INFO com.zaxxer.hikari.HikariDataSource [Thread-5] HikariPool-1 - Shutdown completed.
2021-04-27 13:51:40,931 INFO com.cg.practice.courses.courses.CoursesApplication [restartedMain] Starting CoursesApplication using Java 15.0.1 on LIN51010587 with PID 15760 (C:\Users\ASMANE\Downloads\courses\target\classes started by asmane in C:\Users\ASMANE\Downloads\courses)
2021-04-27 13:51:40,932 DEBUG com.cg.practice.courses.courses.CoursesApplication [restartedMain] Running with Spring Boot v2.4.2, Spring v5.3.3
2021-04-27 13:51:40,933 INFO com.cg.practice.courses.courses.CoursesApplication [restartedMain] No active profile set, falling back to default profiles: default
2021-04-27 13:51:42,606 INFO org.springframework.data.repository.config.RepositoryConfigurationDelegate [restartedMain] Bootstrapping Spring Data JPA repositories in DEFAULT mode.
2021-04-27 13:51:42,662 INFO org.springframework.data.repository.config.RepositoryConfigurationDelegate [restartedMain] Finished Spring Data repository scanning in 54 ms. Found 5 JPA repository interfaces.
2021-04-27 13:51:43,217 INFO org.springframework.boot.web.embedded.tomcat.TomcatWebServer [restartedMain] Tomcat initialized with port(s): 8081 (http)
2021-04-27 13:51:43,219 INFO org.apache.coyote.http11.Http11NioProtocol [restartedMain] Initializing ProtocolHandler ["http-nio-8081"]
2021-04-27 13:51:43,222 INFO org.apache.catalina.core.StandardService [restartedMain] Starting service [Tomcat]
2021-04-27 13:51:43,224 INFO org.apache.catalina.core.StandardEngine [restartedMain] Starting Servlet engine: [Apache Tomcat/9.0.41]
2021-04-27 13:51:43,369 INFO org.apache.catalina.core.ContainerBase.[Tomcat].[localhost].[/springfox] [restartedMain] Initializing Spring embedded WebApplicationContext
2021-04-27 13:51:43,370 INFO org.springframework.boot.web.servlet.context.ServletWebServerApplicationContext [restartedMain] Root WebApplicationContext: initialization completed in 2417 ms
2021-04-27 13:51:43,554 INFO org.hibernate.jpa.internal.util.LogHelper [restartedMain] HHH000204: Processing PersistenceUnitInfo [name: default]
2021-04-27 13:51:43,626 INFO com.zaxxer.hikari.HikariDataSource [restartedMain] HikariPool-2 - Starting...
2021-04-27 13:51:44,182 INFO com.zaxxer.hikari.HikariDataSource [restartedMain] HikariPool-2 - Start completed.
2021-04-27 13:51:44,184 INFO org.hibernate.dialect.Dialect [restartedMain] HHH000400: Using dialect: org.hibernate.dialect.PostgreSQL10Dialect
2021-04-27 13:51:44,780 INFO org.hibernate.engine.transaction.jta.platform.internal.JtaPlatformInitiator [restartedMain] HHH000490: Using JtaPlatform implementation: [org.hibernate.engine.transaction.jta.platform.internal.NoJtaPlatform]
2021-04-27 13:51:44,782 INFO org.springframework.orm.jpa.LocalContainerEntityManagerFactoryBean [restartedMain] Initialized JPA EntityManagerFactory for persistence unit 'default'
2021-04-27 13:51:44,797 INFO org.springframework.boot.devtools.autoconfigure.OptionalLiveReloadServer [restartedMain] LiveReload server is running on port 35729
2021-04-27 13:51:45,267 WARN org.springframework.boot.autoconfigure.orm.jpa.JpaBaseConfiguration$JpaWebConfiguration [restartedMain] spring.jpa.open-in-view is enabled by default. Therefore, database queries may be performed during view rendering. Explicitly configure spring.jpa.open-in-view to disable this warning
2021-04-27 13:51:45,463 INFO org.springframework.scheduling.concurrent.ThreadPoolTaskExecutor [restartedMain] Initializing ExecutorService 'applicationTaskExecutor'
2021-04-27 13:51:45,597 INFO org.apache.coyote.http11.Http11NioProtocol [restartedMain] Starting ProtocolHandler ["http-nio-8081"]
2021-04-27 13:51:45,623 INFO org.springframework.boot.web.embedded.tomcat.TomcatWebServer [restartedMain] Tomcat started on port(s): 8081 (http) with context path '/springfox'
2021-04-27 13:51:45,777 INFO org.apache.catalina.core.ContainerBase.[Tomcat].[localhost].[/springfox] [http-nio-8081-exec-1] Initializing Spring DispatcherServlet 'dispatcherServlet'
2021-04-27 13:51:45,782 INFO org.springframework.web.servlet.DispatcherServlet [http-nio-8081-exec-1] Initializing Servlet 'dispatcherServlet'
2021-04-27 13:51:45,788 INFO org.springframework.web.servlet.DispatcherServlet [http-nio-8081-exec-1] Completed initialization in 5 ms
2021-04-27 13:51:45,839 INFO com.cg.practice.courses.courses.controller.StaffController [http-nio-8081-exec-1] Returning all staff details
2021-04-27 13:51:46,287 INFO com.cg.practice.courses.courses.CoursesApplication [restartedMain] Started CoursesApplication in 5.529 seconds (JVM running for 1099.583)
2021-04-27 13:51:46,293 INFO org.springframework.boot.devtools.autoconfigure.ConditionEvaluationDeltaLoggingListener [restartedMain] Condition evaluation unchanged
2021-04-27 13:52:17,705 INFO com.cg.practice.courses.courses.controller.StaffController [http-nio-8081-exec-4] Returning all staff details
2021-04-27 13:53:49,705 INFO com.cg.practice.courses.courses.controller.StaffController [http-nio-8081-exec-6] Returning all staff details
2021-04-27 13:54:04,646 INFO com.cg.practice.courses.courses.controller.StaffController [http-nio-8081-exec-8] Returning all staff details
2021-04-27 13:54:07,708 INFO com.cg.practice.courses.courses.controller.StaffController [http-nio-8081-exec-9] Returning all staff details
2021-04-27 13:54:09,930 INFO com.cg.practice.courses.courses.controller.StaffController [http-nio-8081-exec-1] Returning all staff details
2021-04-27 13:54:27,396 INFO com.cg.practice.courses.courses.controller.StaffController [http-nio-8081-exec-10] Returning all staff details
2021-04-27 13:54:59,793 INFO com.cg.practice.courses.courses.controller.StaffController [http-nio-8081-exec-2] Staff: 20 deleted from database
2021-04-27 13:55:21,698 INFO com.cg.practice.courses.courses.controller.StaffController [http-nio-8081-exec-4] Returning all staff details
2021-04-27 13:55:34,658 INFO com.cg.practice.courses.courses.controller.StaffController [http-nio-8081-exec-6] Returning all staff details
2021-04-27 13:55:43,756 WARN org.springframework.web.servlet.mvc.method.annotation.ExceptionHandlerExceptionResolver [http-nio-8081-exec-9] Resolved [org.springframework.web.method.annotation.MethodArgumentTypeMismatchException: Failed to convert value of type 'java.lang.String' to required type 'java.lang.Integer'; nested exception is java.lang.NumberFormatException: For input string: "undefined"]
2021-04-27 13:55:46,437 WARN org.springframework.web.servlet.mvc.method.annotation.ExceptionHandlerExceptionResolver [http-nio-8081-exec-10] Resolved [org.springframework.web.method.annotation.MethodArgumentTypeMismatchException: Failed to convert value of type 'java.lang.String' to required type 'java.lang.Integer'; nested exception is java.lang.NumberFormatException: For input string: "undefined"]
2021-04-27 13:55:59,816 WARN org.springframework.web.servlet.mvc.method.annotation.ExceptionHandlerExceptionResolver [http-nio-8081-exec-1] Resolved [org.springframework.web.method.annotation.MethodArgumentTypeMismatchException: Failed to convert value of type 'java.lang.String' to required type 'java.lang.Integer'; nested exception is java.lang.NumberFormatException: For input string: "undefined"]
2021-04-27 13:56:00,709 WARN org.springframework.web.servlet.mvc.method.annotation.ExceptionHandlerExceptionResolver [http-nio-8081-exec-2] Resolved [org.springframework.web.method.annotation.MethodArgumentTypeMismatchException: Failed to convert value of type 'java.lang.String' to required type 'java.lang.Integer'; nested exception is java.lang.NumberFormatException: For input string: "undefined"]
2021-04-27 13:56:48,668 INFO com.cg.practice.courses.courses.controller.StaffController [http-nio-8081-exec-3] Returning all staff details
2021-04-27 13:57:08,732 INFO com.cg.practice.courses.courses.controller.StaffController [http-nio-8081-exec-5] Returning all staff details
2021-04-27 13:57:11,889 INFO com.cg.practice.courses.courses.controller.StaffController [http-nio-8081-exec-7] Returning all staff details
2021-04-27 13:57:13,660 INFO com.cg.practice.courses.courses.controller.StaffController [http-nio-8081-exec-9] Staff: 23 deleted from database
2021-04-27 14:07:33,218 INFO com.cg.practice.courses.courses.controller.StaffController [http-nio-8081-exec-1] Returning all staff details
2021-04-27 14:07:33,743 INFO com.cg.practice.courses.courses.controller.StaffController [http-nio-8081-exec-2] Returning all staff details
2021-04-27 14:07:42,691 INFO com.cg.practice.courses.courses.controller.StaffController [http-nio-8081-exec-4] Returning all staff details
2021-04-27 14:07:52,727 INFO com.cg.practice.courses.courses.controller.StaffController [http-nio-8081-exec-6] Returning all staff details
2021-04-27 14:17:54,237 INFO com.cg.practice.courses.courses.controller.StaffController [http-nio-8081-exec-8] Returning all staff details
2021-04-27 14:18:14,762 INFO com.cg.practice.courses.courses.controller.CoursesController [http-nio-8081-exec-10] Returning all courses details
2021-04-27 14:19:17,647 INFO com.cg.practice.courses.courses.controller.StaffController [http-nio-8081-exec-2] Returning all staff details
2021-04-27 14:19:29,686 INFO com.cg.practice.courses.courses.controller.StaffController [http-nio-8081-exec-4] Returning all staff details
2021-04-27 14:19:36,712 INFO com.cg.practice.courses.courses.controller.StaffController [http-nio-8081-exec-6] Returning all staff details
2021-04-27 14:20:17,368 INFO com.cg.practice.courses.courses.controller.StaffController [http-nio-8081-exec-8] Product addedStaff(staffId=19, firstName=rushi, lastName=mane, email=rushi@gmail.com, mobileNo=9856789806, role=null, password=rushi123)
2021-04-27 14:20:38,700 INFO com.cg.practice.courses.courses.controller.StaffController [http-nio-8081-exec-10] Returning all staff details
2021-04-27 14:20:39,975 INFO com.cg.practice.courses.courses.controller.StaffController [http-nio-8081-exec-1] Returning all staff details
2021-04-27 14:20:48,720 INFO com.cg.practice.courses.courses.controller.StaffController [http-nio-8081-exec-3] Returning all staff details
2021-04-27 14:20:54,636 INFO com.cg.practice.courses.courses.controller.StaffController [http-nio-8081-exec-5] Returning all staff details
2021-04-27 14:20:56,911 WARN org.springframework.web.servlet.mvc.method.annotation.ExceptionHandlerExceptionResolver [http-nio-8081-exec-6] Resolved [org.springframework.web.method.annotation.MethodArgumentTypeMismatchException: Failed to convert value of type 'java.lang.String' to required type 'java.lang.Integer'; nested exception is java.lang.NumberFormatException: For input string: "undefined"]
2021-04-27 14:22:05,713 WARN org.springframework.web.servlet.mvc.method.annotation.ExceptionHandlerExceptionResolver [http-nio-8081-exec-7] Resolved [org.springframework.web.method.annotation.MethodArgumentTypeMismatchException: Failed to convert value of type 'java.lang.String' to required type 'java.lang.Integer'; nested exception is java.lang.NumberFormatException: For input string: "undefined"]
2021-04-27 14:22:39,488 WARN org.springframework.web.servlet.mvc.method.annotation.ExceptionHandlerExceptionResolver [http-nio-8081-exec-8] Resolved [org.springframework.web.method.annotation.MethodArgumentTypeMismatchException: Failed to convert value of type 'java.lang.String' to required type 'java.lang.Integer'; nested exception is java.lang.NumberFormatException: For input string: "undefined"]
2021-04-27 14:22:51,678 WARN org.springframework.web.servlet.mvc.method.annotation.ExceptionHandlerExceptionResolver [http-nio-8081-exec-9] Resolved [org.springframework.web.method.annotation.MethodArgumentTypeMismatchException: Failed to convert value of type 'java.lang.String' to required type 'java.lang.Integer'; nested exception is java.lang.NumberFormatException: For input string: "undefined"]
2021-04-27 14:24:08,717 WARN org.springframework.web.servlet.mvc.method.annotation.ExceptionHandlerExceptionResolver [http-nio-8081-exec-10] Resolved [org.springframework.web.method.annotation.MethodArgumentTypeMismatchException: Failed to convert value of type 'java.lang.String' to required type 'java.lang.Integer'; nested exception is java.lang.NumberFormatException: For input string: "undefined"]
2021-04-27 14:24:13,239 WARN org.springframework.web.servlet.mvc.method.annotation.ExceptionHandlerExceptionResolver [http-nio-8081-exec-1] Resolved [org.springframework.web.method.annotation.MethodArgumentTypeMismatchException: Failed to convert value of type 'java.lang.String' to required type 'java.lang.Integer'; nested exception is java.lang.NumberFormatException: For input string: "undefined"]
2021-04-27 14:24:15,251 INFO com.cg.practice.courses.courses.controller.StaffController [http-nio-8081-exec-2] Returning all staff details
2021-04-27 14:24:16,990 WARN org.springframework.web.servlet.mvc.method.annotation.ExceptionHandlerExceptionResolver [http-nio-8081-exec-3] Resolved [org.springframework.web.method.annotation.MethodArgumentTypeMismatchException: Failed to convert value of type 'java.lang.String' to required type 'java.lang.Integer'; nested exception is java.lang.NumberFormatException: For input string: "undefined"]
2021-04-27 14:24:30,695 WARN org.springframework.web.servlet.mvc.method.annotation.ExceptionHandlerExceptionResolver [http-nio-8081-exec-4] Resolved [org.springframework.web.method.annotation.MethodArgumentTypeMismatchException: Failed to convert value of type 'java.lang.String' to required type 'java.lang.Integer'; nested exception is java.lang.NumberFormatException: For input string: "undefined"]
2021-04-27 14:25:58,754 INFO com.cg.practice.courses.courses.controller.StaffController [http-nio-8081-exec-3] Product addedStaff(staffId=19, firstName=rushi, lastName=mane, email=rushi@gmail.com, mobileNo=9856789806, role=null, password=rushi123)
2021-04-27 14:26:34,739 WARN org.springframework.web.servlet.mvc.method.annotation.ExceptionHandlerExceptionResolver [http-nio-8081-exec-5] Resolved [org.springframework.web.method.annotation.MethodArgumentTypeMismatchException: Failed to convert value of type 'java.lang.String' to required type 'java.lang.Integer'; nested exception is java.lang.NumberFormatException: For input string: "undefined"]
2021-04-27 14:26:35,852 WARN org.springframework.web.servlet.mvc.method.annotation.ExceptionHandlerExceptionResolver [http-nio-8081-exec-7] Resolved [org.springframework.web.method.annotation.MethodArgumentTypeMismatchException: Failed to convert value of type 'java.lang.String' to required type 'java.lang.Integer'; nested exception is java.lang.NumberFormatException: For input string: "undefined"]
2021-04-27 14:26:37,684 WARN org.springframework.web.servlet.mvc.method.annotation.ExceptionHandlerExceptionResolver [http-nio-8081-exec-6] Resolved [org.springframework.web.method.annotation.MethodArgumentTypeMismatchException: Failed to convert value of type 'java.lang.String' to required type 'java.lang.Integer'; nested exception is java.lang.NumberFormatException: For input string: "undefined"]
2021-04-27 14:27:52,788 INFO com.cg.practice.courses.courses.controller.CoursesController [http-nio-8081-exec-8] Returning all courses details
2021-04-27 14:27:58,856 INFO com.cg.practice.courses.courses.controller.CoursesController [http-nio-8081-exec-10] Returning all courses details
2021-04-27 14:29:41,734 INFO com.cg.practice.courses.courses.controller.CoursesController [http-nio-8081-exec-2] Returning all courses details
2021-04-27 14:30:20,430 WARN org.springframework.web.servlet.mvc.method.annotation.ExceptionHandlerExceptionResolver [http-nio-8081-exec-4] Resolved [org.springframework.web.method.annotation.MethodArgumentTypeMismatchException: Failed to convert value of type 'java.lang.String' to required type 'java.lang.Integer'; nested exception is java.lang.NumberFormatException: For input string: "undefined"]
2021-04-27 14:30:53,688 WARN org.springframework.web.servlet.mvc.method.annotation.ExceptionHandlerExceptionResolver [http-nio-8081-exec-5] Resolved [org.springframework.web.method.annotation.MethodArgumentTypeMismatchException: Failed to convert value of type 'java.lang.String' to required type 'java.lang.Integer'; nested exception is java.lang.NumberFormatException: For input string: "undefined"]
2021-04-27 14:30:55,525 WARN org.springframework.web.servlet.mvc.method.annotation.ExceptionHandlerExceptionResolver [http-nio-8081-exec-7] Resolved [org.springframework.web.method.annotation.MethodArgumentTypeMismatchException: Failed to convert value of type 'java.lang.String' to required type 'java.lang.Integer'; nested exception is java.lang.NumberFormatException: For input string: "undefined"]
2021-04-27 14:31:00,705 INFO com.cg.practice.courses.courses.controller.CoursesController [http-nio-8081-exec-6] Returning all courses details
2021-04-27 14:33:31,851 WARN org.springframework.web.servlet.mvc.method.annotation.ExceptionHandlerExceptionResolver [http-nio-8081-exec-9] Resolved [org.springframework.web.method.annotation.MethodArgumentTypeMismatchException: Failed to convert value of type 'java.lang.String' to required type 'java.lang.Integer'; nested exception is java.lang.NumberFormatException: For input string: "undefined"]
2021-04-27 14:38:16,847 INFO com.cg.practice.courses.courses.controller.CoursesController [http-nio-8081-exec-5] Returning all courses details
2021-04-27 14:38:34,040 WARN org.springframework.web.servlet.mvc.method.annotation.ExceptionHandlerExceptionResolver [http-nio-8081-exec-6] Resolved [org.springframework.web.method.annotation.MethodArgumentTypeMismatchException: Failed to convert value of type 'java.lang.String' to required type 'java.lang.Integer'; nested exception is java.lang.NumberFormatException: For input string: "undefined"]
2021-04-27 14:38:36,660 INFO com.cg.practice.courses.courses.controller.CoursesController [http-nio-8081-exec-8] Returning all courses details
2021-04-27 14:39:06,672 INFO com.cg.practice.courses.courses.controller.CoursesController [http-nio-8081-exec-10] Returning all courses details
2021-04-27 14:39:10,623 INFO com.cg.practice.courses.courses.controller.CoursesController [http-nio-8081-exec-1] Returning all courses details
2021-04-27 14:39:30,452 INFO com.cg.practice.courses.courses.controller.CoursesController [http-nio-8081-exec-7] Returning all courses details
2021-04-27 14:40:14,039 WARN org.springframework.web.servlet.mvc.method.annotation.ExceptionHandlerExceptionResolver [http-nio-8081-exec-8] Resolved [org.springframework.web.method.annotation.MethodArgumentTypeMismatchException: Failed to convert value of type 'java.lang.String' to required type 'java.lang.Integer'; nested exception is java.lang.NumberFormatException: For input string: "undefined"]
2021-04-27 14:40:17,015 INFO com.cg.practice.courses.courses.controller.CoursesController [http-nio-8081-exec-9] Returning all courses details
2021-04-27 14:41:58,029 INFO com.cg.practice.courses.courses.controller.CoursesController [http-nio-8081-exec-8] Returning all courses details
2021-04-27 14:42:21,059 INFO com.cg.practice.courses.courses.controller.StaffController [http-nio-8081-exec-10] Returning all staff details
2021-04-27 14:42:23,433 WARN org.springframework.web.servlet.mvc.method.annotation.ExceptionHandlerExceptionResolver [http-nio-8081-exec-1] Resolved [org.springframework.web.method.annotation.MethodArgumentTypeMismatchException: Failed to convert value of type 'java.lang.String' to required type 'java.lang.Integer'; nested exception is java.lang.NumberFormatException: For input string: "undefined"]
2021-04-27 14:42:26,908 INFO com.cg.practice.courses.courses.controller.StaffController [http-nio-8081-exec-2] Returning all staff details
2021-04-27 14:53:20,645 WARN org.springframework.web.servlet.mvc.method.annotation.ExceptionHandlerExceptionResolver [http-nio-8081-exec-7] Resolved [com.cg.practice.courses.courses.exception.ResourceNotFoundException: USER_NOT_FOUND]
2021-04-27 14:53:53,419 WARN org.springframework.web.servlet.mvc.method.annotation.ExceptionHandlerExceptionResolver [http-nio-8081-exec-8] Resolved [com.cg.practice.courses.courses.exception.ResourceNotFoundException: USER_NOT_FOUND]
2021-04-27 14:54:06,574 WARN org.springframework.web.servlet.mvc.method.annotation.ExceptionHandlerExceptionResolver [http-nio-8081-exec-10] Resolved [com.cg.practice.courses.courses.exception.ResourceNotFoundException: USER_NOT_FOUND]
2021-04-27 14:55:20,102 INFO org.springframework.scheduling.concurrent.ThreadPoolTaskExecutor [Thread-9] Shutting down ExecutorService 'applicationTaskExecutor'
2021-04-27 14:55:20,144 INFO org.springframework.orm.jpa.LocalContainerEntityManagerFactoryBean [Thread-9] Closing JPA EntityManagerFactory for persistence unit 'default'
2021-04-27 14:55:20,251 INFO com.zaxxer.hikari.HikariDataSource [Thread-9] HikariPool-2 - Shutdown initiated...
2021-04-27 14:55:20,288 INFO com.zaxxer.hikari.HikariDataSource [Thread-9] HikariPool-2 - Shutdown completed.
2021-04-27 14:55:21,471 INFO com.cg.practice.courses.courses.CoursesApplication [restartedMain] Starting CoursesApplication using Java 15.0.1 on LIN51010587 with PID 15760 (C:\Users\ASMANE\Downloads\courses\target\classes started by asmane in C:\Users\ASMANE\Downloads\courses)
2021-04-27 14:55:21,472 DEBUG com.cg.practice.courses.courses.CoursesApplication [restartedMain] Running with Spring Boot v2.4.2, Spring v5.3.3
2021-04-27 14:55:21,472 INFO com.cg.practice.courses.courses.CoursesApplication [restartedMain] No active profile set, falling back to default profiles: default
2021-04-27 14:55:23,285 INFO org.springframework.data.repository.config.RepositoryConfigurationDelegate [restartedMain] Bootstrapping Spring Data JPA repositories in DEFAULT mode.
2021-04-27 14:55:23,344 INFO org.springframework.data.repository.config.RepositoryConfigurationDelegate [restartedMain] Finished Spring Data repository scanning in 57 ms. Found 5 JPA repository interfaces.
2021-04-27 14:55:24,104 INFO org.springframework.boot.web.embedded.tomcat.TomcatWebServer [restartedMain] Tomcat initialized with port(s): 8081 (http)
2021-04-27 14:55:24,110 INFO org.apache.coyote.http11.Http11NioProtocol [restartedMain] Initializing ProtocolHandler ["http-nio-8081"]
2021-04-27 14:55:24,112 INFO org.apache.catalina.core.StandardService [restartedMain] Starting service [Tomcat]
2021-04-27 14:55:24,113 INFO org.apache.catalina.core.StandardEngine [restartedMain] Starting Servlet engine: [Apache Tomcat/9.0.41]
2021-04-27 14:55:24,273 INFO org.apache.catalina.core.ContainerBase.[Tomcat].[localhost].[/springfox] [restartedMain] Initializing Spring embedded WebApplicationContext
2021-04-27 14:55:24,274 INFO org.springframework.boot.web.servlet.context.ServletWebServerApplicationContext [restartedMain] Root WebApplicationContext: initialization completed in 2785 ms
2021-04-27 14:55:24,370 INFO org.hibernate.jpa.internal.util.LogHelper [restartedMain] HHH000204: Processing PersistenceUnitInfo [name: default]
2021-04-27 14:55:24,389 INFO com.zaxxer.hikari.HikariDataSource [restartedMain] HikariPool-3 - Starting...
2021-04-27 14:55:24,886 INFO com.zaxxer.hikari.HikariDataSource [restartedMain] HikariPool-3 - Start completed.
2021-04-27 14:55:24,889 INFO org.hibernate.dialect.Dialect [restartedMain] HHH000400: Using dialect: org.hibernate.dialect.PostgreSQL10Dialect
2021-04-27 14:55:25,636 INFO org.hibernate.engine.transaction.jta.platform.internal.JtaPlatformInitiator [restartedMain] HHH000490: Using JtaPlatform implementation: [org.hibernate.engine.transaction.jta.platform.internal.NoJtaPlatform]
2021-04-27 14:55:25,638 INFO org.springframework.orm.jpa.LocalContainerEntityManagerFactoryBean [restartedMain] Initialized JPA EntityManagerFactory for persistence unit 'default'
2021-04-27 14:55:25,655 INFO org.springframework.boot.devtools.autoconfigure.OptionalLiveReloadServer [restartedMain] LiveReload server is running on port 35729
2021-04-27 14:55:26,159 WARN org.springframework.boot.autoconfigure.orm.jpa.JpaBaseConfiguration$JpaWebConfiguration [restartedMain] spring.jpa.open-in-view is enabled by default. Therefore, database queries may be performed during view rendering. Explicitly configure spring.jpa.open-in-view to disable this warning
2021-04-27 14:55:26,377 INFO org.springframework.scheduling.concurrent.ThreadPoolTaskExecutor [restartedMain] Initializing ExecutorService 'applicationTaskExecutor'
2021-04-27 14:55:26,496 INFO org.apache.coyote.http11.Http11NioProtocol [restartedMain] Starting ProtocolHandler ["http-nio-8081"]
2021-04-27 14:55:26,509 INFO org.springframework.boot.web.embedded.tomcat.TomcatWebServer [restartedMain] Tomcat started on port(s): 8081 (http) with context path '/springfox'
2021-04-27 14:55:26,921 INFO com.cg.practice.courses.courses.CoursesApplication [restartedMain] Started CoursesApplication in 5.596 seconds (JVM running for 4920.22)
2021-04-27 14:55:26,924 INFO org.springframework.boot.devtools.autoconfigure.ConditionEvaluationDeltaLoggingListener [restartedMain] Condition evaluation unchanged
2021-04-27 14:55:27,688 INFO org.apache.catalina.core.ContainerBase.[Tomcat].[localhost].[/springfox] [http-nio-8081-exec-1] Initializing Spring DispatcherServlet 'dispatcherServlet'
2021-04-27 14:55:27,689 INFO org.springframework.web.servlet.DispatcherServlet [http-nio-8081-exec-1] Initializing Servlet 'dispatcherServlet'
2021-04-27 14:55:27,692 INFO org.springframework.web.servlet.DispatcherServlet [http-nio-8081-exec-1] Completed initialization in 3 ms
2021-04-27 14:55:27,731 WARN org.springframework.web.servlet.mvc.method.annotation.ExceptionHandlerExceptionResolver [http-nio-8081-exec-1] Resolved [com.cg.practice.courses.courses.exception.ResourceNotFoundException: USER_NOT_FOUND]
2021-04-27 14:56:18,095 WARN org.springframework.web.servlet.mvc.method.annotation.ExceptionHandlerExceptionResolver [http-nio-8081-exec-1] Resolved [java.lang.NullPointerException: Cannot invoke "com.cg.practice.courses.courses.entity.Role.equals(Object)" because "role" is null]
2021-04-27 14:56:33,887 WARN org.springframework.web.servlet.mvc.method.annotation.ExceptionHandlerExceptionResolver [http-nio-8081-exec-2] Resolved [org.springframework.http.converter.HttpMessageNotReadableException: JSON parse error: Cannot deserialize value of type `com.cg.practice.courses.courses.entity.Role` from String "": not one of the values accepted for Enum class: [STAFF, ADMIN]; nested exception is com.fasterxml.jackson.databind.exc.InvalidFormatException: Cannot deserialize value of type `com.cg.practice.courses.courses.entity.Role` from String "": not one of the values accepted for Enum class: [STAFF, ADMIN]
 at [Source: (PushbackInputStream); line: 1, column: 57] (through reference chain: com.cg.practice.courses.courses.entity.StaffLogin["role"])]
2021-04-27 14:56:52,812 WARN org.springframework.web.servlet.mvc.method.annotation.ExceptionHandlerExceptionResolver [http-nio-8081-exec-3] Resolved [org.springframework.http.converter.HttpMessageNotReadableException: JSON parse error: Cannot deserialize value of type `com.cg.practice.courses.courses.entity.Role` from String "": not one of the values accepted for Enum class: [STAFF, ADMIN]; nested exception is com.fasterxml.jackson.databind.exc.InvalidFormatException: Cannot deserialize value of type `com.cg.practice.courses.courses.entity.Role` from String "": not one of the values accepted for Enum class: [STAFF, ADMIN]
 at [Source: (PushbackInputStream); line: 1, column: 57] (through reference chain: com.cg.practice.courses.courses.entity.StaffLogin["role"])]
2021-04-27 14:59:09,954 INFO com.cg.practice.courses.courses.controller.StaffController [http-nio-8081-exec-6] Staff:ash added to database
2021-04-27 15:00:10,483 WARN org.springframework.web.servlet.mvc.method.annotation.ExceptionHandlerExceptionResolver [http-nio-8081-exec-10] Resolved [org.springframework.http.converter.HttpMessageNotReadableException: JSON parse error: Cannot deserialize value of type `com.cg.practice.courses.courses.entity.Role` from String "ADMIN": not one of the values accepted for Enum class: [STAFF, ADMIN]; nested exception is com.fasterxml.jackson.databind.exc.InvalidFormatException: Cannot deserialize value of type `com.cg.practice.courses.courses.entity.Role` from String "ADMIN": not one of the values accepted for Enum class: [STAFF, ADMIN]
 at [Source: (PushbackInputStream); line: 1, column: 54] (through reference chain: com.cg.practice.courses.courses.entity.StaffLogin["role"])]
2021-04-27 15:00:56,789 WARN org.springframework.web.servlet.mvc.method.annotation.ExceptionHandlerExceptionResolver [http-nio-8081-exec-9] Resolved [org.springframework.http.converter.HttpMessageNotReadableException: JSON parse error: Unrecognized token 'ash': was expecting (JSON String, Number, Array, Object or token 'null', 'true' or 'false'); nested exception is com.fasterxml.jackson.core.JsonParseException: Unrecognized token 'ash': was expecting (JSON String, Number, Array, Object or token 'null', 'true' or 'false')
 at [Source: (PushbackInputStream); line: 2, column: 16]]
2021-04-27 15:10:24,157 WARN org.springframework.web.servlet.mvc.method.annotation.ExceptionHandlerExceptionResolver [http-nio-8081-exec-6] Resolved [org.springframework.http.converter.HttpMessageNotReadableException: JSON parse error: Unrecognized token 'ash': was expecting (JSON String, Number, Array, Object or token 'null', 'true' or 'false'); nested exception is com.fasterxml.jackson.core.JsonParseException: Unrecognized token 'ash': was expecting (JSON String, Number, Array, Object or token 'null', 'true' or 'false')
 at [Source: (PushbackInputStream); line: 2, column: 16]]
2021-04-27 15:11:34,487 INFO org.springframework.scheduling.concurrent.ThreadPoolTaskExecutor [Thread-17] Shutting down ExecutorService 'applicationTaskExecutor'
2021-04-27 15:11:34,515 INFO org.springframework.orm.jpa.LocalContainerEntityManagerFactoryBean [Thread-17] Closing JPA EntityManagerFactory for persistence unit 'default'
2021-04-27 15:11:34,582 INFO com.zaxxer.hikari.HikariDataSource [Thread-17] HikariPool-3 - Shutdown initiated...
2021-04-27 15:11:34,659 INFO com.zaxxer.hikari.HikariDataSource [Thread-17] HikariPool-3 - Shutdown completed.
2021-04-27 15:11:36,665 INFO com.cg.practice.courses.courses.CoursesApplication [restartedMain] Starting CoursesApplication using Java 15.0.1 on LIN51010587 with PID 15760 (C:\Users\ASMANE\Downloads\courses\target\classes started by asmane in C:\Users\ASMANE\Downloads\courses)
2021-04-27 15:11:36,666 DEBUG com.cg.practice.courses.courses.CoursesApplication [restartedMain] Running with Spring Boot v2.4.2, Spring v5.3.3
2021-04-27 15:11:36,666 INFO com.cg.practice.courses.courses.CoursesApplication [restartedMain] No active profile set, falling back to default profiles: default
2021-04-27 15:11:38,340 INFO org.springframework.data.repository.config.RepositoryConfigurationDelegate [restartedMain] Bootstrapping Spring Data JPA repositories in DEFAULT mode.
2021-04-27 15:11:38,413 INFO org.springframework.data.repository.config.RepositoryConfigurationDelegate [restartedMain] Finished Spring Data repository scanning in 71 ms. Found 5 JPA repository interfaces.
2021-04-27 15:11:39,145 INFO org.springframework.boot.web.embedded.tomcat.TomcatWebServer [restartedMain] Tomcat initialized with port(s): 8081 (http)
2021-04-27 15:11:39,151 INFO org.apache.coyote.http11.Http11NioProtocol [restartedMain] Initializing ProtocolHandler ["http-nio-8081"]
2021-04-27 15:11:39,156 INFO org.apache.catalina.core.StandardService [restartedMain] Starting service [Tomcat]
2021-04-27 15:11:39,158 INFO org.apache.catalina.core.StandardEngine [restartedMain] Starting Servlet engine: [Apache Tomcat/9.0.41]
2021-04-27 15:11:39,469 INFO org.apache.catalina.core.ContainerBase.[Tomcat].[localhost].[/springfox] [restartedMain] Initializing Spring embedded WebApplicationContext
2021-04-27 15:11:39,470 INFO org.springframework.boot.web.servlet.context.ServletWebServerApplicationContext [restartedMain] Root WebApplicationContext: initialization completed in 2794 ms
2021-04-27 15:11:39,621 INFO org.hibernate.jpa.internal.util.LogHelper [restartedMain] HHH000204: Processing PersistenceUnitInfo [name: default]
2021-04-27 15:11:39,652 INFO com.zaxxer.hikari.HikariDataSource [restartedMain] HikariPool-4 - Starting...
2021-04-27 15:11:40,167 INFO com.zaxxer.hikari.HikariDataSource [restartedMain] HikariPool-4 - Start completed.
2021-04-27 15:11:40,169 INFO org.hibernate.dialect.Dialect [restartedMain] HHH000400: Using dialect: org.hibernate.dialect.PostgreSQL10Dialect
2021-04-27 15:11:40,818 INFO org.hibernate.engine.transaction.jta.platform.internal.JtaPlatformInitiator [restartedMain] HHH000490: Using JtaPlatform implementation: [org.hibernate.engine.transaction.jta.platform.internal.NoJtaPlatform]
2021-04-27 15:11:40,819 INFO org.springframework.orm.jpa.LocalContainerEntityManagerFactoryBean [restartedMain] Initialized JPA EntityManagerFactory for persistence unit 'default'
2021-04-27 15:11:40,837 INFO org.springframework.boot.devtools.autoconfigure.OptionalLiveReloadServer [restartedMain] LiveReload server is running on port 35729
2021-04-27 15:11:41,357 WARN org.springframework.boot.autoconfigure.orm.jpa.JpaBaseConfiguration$JpaWebConfiguration [restartedMain] spring.jpa.open-in-view is enabled by default. Therefore, database queries may be performed during view rendering. Explicitly configure spring.jpa.open-in-view to disable this warning
2021-04-27 15:11:41,560 INFO org.springframework.scheduling.concurrent.ThreadPoolTaskExecutor [restartedMain] Initializing ExecutorService 'applicationTaskExecutor'
2021-04-27 15:11:41,750 INFO org.apache.coyote.http11.Http11NioProtocol [restartedMain] Starting ProtocolHandler ["http-nio-8081"]
2021-04-27 15:11:41,774 INFO org.springframework.boot.web.embedded.tomcat.TomcatWebServer [restartedMain] Tomcat started on port(s): 8081 (http) with context path '/springfox'
2021-04-27 15:11:42,255 INFO com.cg.practice.courses.courses.CoursesApplication [restartedMain] Started CoursesApplication in 5.734 seconds (JVM running for 5895.554)
2021-04-27 15:11:42,260 INFO org.springframework.boot.devtools.autoconfigure.ConditionEvaluationDeltaLoggingListener [restartedMain] Condition evaluation unchanged
2021-04-27 15:11:42,361 INFO org.apache.catalina.core.ContainerBase.[Tomcat].[localhost].[/springfox] [http-nio-8081-exec-1] Initializing Spring DispatcherServlet 'dispatcherServlet'
2021-04-27 15:11:42,362 INFO org.springframework.web.servlet.DispatcherServlet [http-nio-8081-exec-1] Initializing Servlet 'dispatcherServlet'
2021-04-27 15:11:42,368 INFO org.springframework.web.servlet.DispatcherServlet [http-nio-8081-exec-1] Completed initialization in 5 ms
2021-04-27 15:15:29,324 WARN org.springframework.web.servlet.mvc.method.annotation.ExceptionHandlerExceptionResolver [http-nio-8081-exec-5] Resolved [java.lang.RuntimeException: USER_NOT_FOUND]
2021-04-27 15:17:05,622 INFO org.springframework.scheduling.concurrent.ThreadPoolTaskExecutor [Thread-23] Shutting down ExecutorService 'applicationTaskExecutor'
2021-04-27 15:17:05,682 INFO org.springframework.orm.jpa.LocalContainerEntityManagerFactoryBean [Thread-23] Closing JPA EntityManagerFactory for persistence unit 'default'
2021-04-27 15:17:05,785 INFO com.zaxxer.hikari.HikariDataSource [Thread-23] HikariPool-4 - Shutdown initiated...
2021-04-27 15:17:05,941 INFO com.zaxxer.hikari.HikariDataSource [Thread-23] HikariPool-4 - Shutdown completed.
2021-04-27 15:17:08,250 INFO com.cg.practice.courses.courses.CoursesApplication [restartedMain] Starting CoursesApplication using Java 15.0.1 on LIN51010587 with PID 15760 (C:\Users\ASMANE\Downloads\courses\target\classes started by asmane in C:\Users\ASMANE\Downloads\courses)
2021-04-27 15:17:08,253 DEBUG com.cg.practice.courses.courses.CoursesApplication [restartedMain] Running with Spring Boot v2.4.2, Spring v5.3.3
2021-04-27 15:17:08,256 INFO com.cg.practice.courses.courses.CoursesApplication [restartedMain] No active profile set, falling back to default profiles: default
2021-04-27 15:17:10,240 INFO org.springframework.data.repository.config.RepositoryConfigurationDelegate [restartedMain] Bootstrapping Spring Data JPA repositories in DEFAULT mode.
2021-04-27 15:17:10,312 INFO org.springframework.data.repository.config.RepositoryConfigurationDelegate [restartedMain] Finished Spring Data repository scanning in 70 ms. Found 5 JPA repository interfaces.
2021-04-27 15:17:11,085 INFO org.springframework.boot.web.embedded.tomcat.TomcatWebServer [restartedMain] Tomcat initialized with port(s): 8081 (http)
2021-04-27 15:17:11,088 INFO org.apache.coyote.http11.Http11NioProtocol [restartedMain] Initializing ProtocolHandler ["http-nio-8081"]
2021-04-27 15:17:11,089 INFO org.apache.catalina.core.StandardService [restartedMain] Starting service [Tomcat]
2021-04-27 15:17:11,090 INFO org.apache.catalina.core.StandardEngine [restartedMain] Starting Servlet engine: [Apache Tomcat/9.0.41]
2021-04-27 15:17:11,227 INFO org.apache.catalina.core.ContainerBase.[Tomcat].[localhost].[/springfox] [restartedMain] Initializing Spring embedded WebApplicationContext
2021-04-27 15:17:11,228 INFO org.springframework.boot.web.servlet.context.ServletWebServerApplicationContext [restartedMain] Root WebApplicationContext: initialization completed in 2949 ms
2021-04-27 15:17:11,317 INFO org.hibernate.jpa.internal.util.LogHelper [restartedMain] HHH000204: Processing PersistenceUnitInfo [name: default]
2021-04-27 15:17:11,334 INFO com.zaxxer.hikari.HikariDataSource [restartedMain] HikariPool-5 - Starting...
2021-04-27 15:17:11,658 INFO com.zaxxer.hikari.HikariDataSource [restartedMain] HikariPool-5 - Start completed.
2021-04-27 15:17:11,659 INFO org.hibernate.dialect.Dialect [restartedMain] HHH000400: Using dialect: org.hibernate.dialect.PostgreSQL10Dialect
2021-04-27 15:17:12,257 INFO org.hibernate.engine.transaction.jta.platform.internal.JtaPlatformInitiator [restartedMain] HHH000490: Using JtaPlatform implementation: [org.hibernate.engine.transaction.jta.platform.internal.NoJtaPlatform]
2021-04-27 15:17:12,258 INFO org.springframework.orm.jpa.LocalContainerEntityManagerFactoryBean [restartedMain] Initialized JPA EntityManagerFactory for persistence unit 'default'
2021-04-27 15:17:12,274 INFO org.springframework.boot.devtools.autoconfigure.OptionalLiveReloadServer [restartedMain] LiveReload server is running on port 35729
2021-04-27 15:17:12,707 WARN org.springframework.boot.autoconfigure.orm.jpa.JpaBaseConfiguration$JpaWebConfiguration [restartedMain] spring.jpa.open-in-view is enabled by default. Therefore, database queries may be performed during view rendering. Explicitly configure spring.jpa.open-in-view to disable this warning
2021-04-27 15:17:12,973 INFO org.springframework.scheduling.concurrent.ThreadPoolTaskExecutor [restartedMain] Initializing ExecutorService 'applicationTaskExecutor'
2021-04-27 15:17:13,058 INFO org.apache.coyote.http11.Http11NioProtocol [restartedMain] Starting ProtocolHandler ["http-nio-8081"]
2021-04-27 15:17:13,071 INFO org.springframework.boot.web.embedded.tomcat.TomcatWebServer [restartedMain] Tomcat started on port(s): 8081 (http) with context path '/springfox'
2021-04-27 15:17:13,161 INFO org.apache.catalina.core.ContainerBase.[Tomcat].[localhost].[/springfox] [http-nio-8081-exec-1] Initializing Spring DispatcherServlet 'dispatcherServlet'
2021-04-27 15:17:13,162 INFO org.springframework.web.servlet.DispatcherServlet [http-nio-8081-exec-1] Initializing Servlet 'dispatcherServlet'
2021-04-27 15:17:13,165 INFO org.springframework.web.servlet.DispatcherServlet [http-nio-8081-exec-1] Completed initialization in 3 ms
2021-04-27 15:17:13,192 WARN org.springframework.web.servlet.mvc.method.annotation.ExceptionHandlerExceptionResolver [http-nio-8081-exec-1] Resolved [java.lang.RuntimeException: USER_NOT_FOUND]
2021-04-27 15:17:13,416 INFO com.cg.practice.courses.courses.CoursesApplication [restartedMain] Started CoursesApplication in 5.592 seconds (JVM running for 6226.716)
2021-04-27 15:17:13,418 INFO org.springframework.boot.devtools.autoconfigure.ConditionEvaluationDeltaLoggingListener [restartedMain] Condition evaluation unchanged
2021-04-27 15:28:06,974 INFO org.springframework.scheduling.concurrent.ThreadPoolTaskExecutor [Thread-29] Shutting down ExecutorService 'applicationTaskExecutor'
2021-04-27 15:28:07,001 INFO org.springframework.orm.jpa.LocalContainerEntityManagerFactoryBean [Thread-29] Closing JPA EntityManagerFactory for persistence unit 'default'
2021-04-27 15:28:07,048 INFO com.zaxxer.hikari.HikariDataSource [Thread-29] HikariPool-5 - Shutdown initiated...
2021-04-27 15:28:07,083 INFO com.zaxxer.hikari.HikariDataSource [Thread-29] HikariPool-5 - Shutdown completed.
2021-04-27 15:28:08,177 INFO com.cg.practice.courses.courses.CoursesApplication [restartedMain] Starting CoursesApplication using Java 15.0.1 on LIN51010587 with PID 15760 (C:\Users\ASMANE\Downloads\courses\target\classes started by asmane in C:\Users\ASMANE\Downloads\courses)
2021-04-27 15:28:08,178 DEBUG com.cg.practice.courses.courses.CoursesApplication [restartedMain] Running with Spring Boot v2.4.2, Spring v5.3.3
2021-04-27 15:28:08,178 INFO com.cg.practice.courses.courses.CoursesApplication [restartedMain] No active profile set, falling back to default profiles: default
2021-04-27 15:28:09,879 INFO org.springframework.data.repository.config.RepositoryConfigurationDelegate [restartedMain] Bootstrapping Spring Data JPA repositories in DEFAULT mode.
2021-04-27 15:28:09,940 INFO org.springframework.data.repository.config.RepositoryConfigurationDelegate [restartedMain] Finished Spring Data repository scanning in 58 ms. Found 5 JPA repository interfaces.
2021-04-27 15:28:10,345 INFO org.springframework.boot.web.embedded.tomcat.TomcatWebServer [restartedMain] Tomcat initialized with port(s): 8081 (http)
2021-04-27 15:28:10,349 INFO org.apache.coyote.http11.Http11NioProtocol [restartedMain] Initializing ProtocolHandler ["http-nio-8081"]
2021-04-27 15:28:10,351 INFO org.apache.catalina.core.StandardService [restartedMain] Starting service [Tomcat]
2021-04-27 15:28:10,352 INFO org.apache.catalina.core.StandardEngine [restartedMain] Starting Servlet engine: [Apache Tomcat/9.0.41]
2021-04-27 15:28:10,456 INFO org.apache.catalina.core.ContainerBase.[Tomcat].[localhost].[/springfox] [restartedMain] Initializing Spring embedded WebApplicationContext
2021-04-27 15:28:10,457 INFO org.springframework.boot.web.servlet.context.ServletWebServerApplicationContext [restartedMain] Root WebApplicationContext: initialization completed in 2267 ms
2021-04-27 15:28:10,524 INFO org.hibernate.jpa.internal.util.LogHelper [restartedMain] HHH000204: Processing PersistenceUnitInfo [name: default]
2021-04-27 15:28:10,540 INFO com.zaxxer.hikari.HikariDataSource [restartedMain] HikariPool-6 - Starting...
2021-04-27 15:28:10,959 INFO com.zaxxer.hikari.HikariDataSource [restartedMain] HikariPool-6 - Start completed.
2021-04-27 15:28:10,960 INFO org.hibernate.dialect.Dialect [restartedMain] HHH000400: Using dialect: org.hibernate.dialect.PostgreSQL10Dialect
2021-04-27 15:28:11,524 INFO org.hibernate.engine.transaction.jta.platform.internal.JtaPlatformInitiator [restartedMain] HHH000490: Using JtaPlatform implementation: [org.hibernate.engine.transaction.jta.platform.internal.NoJtaPlatform]
2021-04-27 15:28:11,525 INFO org.springframework.orm.jpa.LocalContainerEntityManagerFactoryBean [restartedMain] Initialized JPA EntityManagerFactory for persistence unit 'default'
2021-04-27 15:28:11,538 INFO org.springframework.boot.devtools.autoconfigure.OptionalLiveReloadServer [restartedMain] LiveReload server is running on port 35729
2021-04-27 15:28:11,926 WARN org.springframework.boot.autoconfigure.orm.jpa.JpaBaseConfiguration$JpaWebConfiguration [restartedMain] spring.jpa.open-in-view is enabled by default. Therefore, database queries may be performed during view rendering. Explicitly configure spring.jpa.open-in-view to disable this warning
2021-04-27 15:28:12,134 INFO org.springframework.scheduling.concurrent.ThreadPoolTaskExecutor [restartedMain] Initializing ExecutorService 'applicationTaskExecutor'
2021-04-27 15:28:12,245 INFO org.apache.coyote.http11.Http11NioProtocol [restartedMain] Starting ProtocolHandler ["http-nio-8081"]
2021-04-27 15:28:12,263 INFO org.springframework.boot.web.embedded.tomcat.TomcatWebServer [restartedMain] Tomcat started on port(s): 8081 (http) with context path '/springfox'
2021-04-27 15:28:12,718 INFO com.cg.practice.courses.courses.CoursesApplication [restartedMain] Started CoursesApplication in 4.674 seconds (JVM running for 6886.074)
2021-04-27 15:28:12,722 INFO org.springframework.boot.devtools.autoconfigure.ConditionEvaluationDeltaLoggingListener [restartedMain] Condition evaluation unchanged
2021-04-27 15:28:18,879 INFO org.apache.catalina.core.ContainerBase.[Tomcat].[localhost].[/springfox] [http-nio-8081-exec-1] Initializing Spring DispatcherServlet 'dispatcherServlet'
2021-04-27 15:28:18,881 INFO org.springframework.web.servlet.DispatcherServlet [http-nio-8081-exec-1] Initializing Servlet 'dispatcherServlet'
2021-04-27 15:28:18,884 INFO org.springframework.web.servlet.DispatcherServlet [http-nio-8081-exec-1] Completed initialization in 2 ms
2021-04-27 15:28:18,903 WARN org.springframework.web.servlet.mvc.method.annotation.ExceptionHandlerExceptionResolver [http-nio-8081-exec-1] Resolved [java.lang.NullPointerException: Cannot invoke "java.util.Optional.isPresent()" because "studentObj" is null]
2021-04-27 15:28:44,360 WARN org.springframework.web.servlet.mvc.method.annotation.ExceptionHandlerExceptionResolver [http-nio-8081-exec-10] Resolved [java.lang.NullPointerException: Cannot invoke "java.util.Optional.isPresent()" because "studentObj" is null]
2021-04-27 15:30:09,666 INFO com.cg.practice.courses.courses.controller.StaffController [http-nio-8081-exec-5] Returning all staff details
2021-04-27 15:48:54,073 WARN org.springframework.web.servlet.mvc.method.annotation.ExceptionHandlerExceptionResolver [http-nio-8081-exec-9] Resolved [org.springframework.http.converter.HttpMessageNotReadableException: Required request body is missing: public org.springframework.http.ResponseEntity<?> com.cg.practice.courses.courses.controller.StaffLoginController.signIn(com.cg.practice.courses.courses.entity.StaffLogin) throws com.cg.practice.courses.courses.exception.ResourceNotFoundException]
2021-04-27 15:48:59,179 WARN org.springframework.web.servlet.mvc.method.annotation.ExceptionHandlerExceptionResolver [http-nio-8081-exec-10] Resolved [org.springframework.http.converter.HttpMessageNotReadableException: Required request body is missing: public org.springframework.http.ResponseEntity<?> com.cg.practice.courses.courses.controller.StaffLoginController.signIn(com.cg.practice.courses.courses.entity.StaffLogin) throws com.cg.practice.courses.courses.exception.ResourceNotFoundException]
2021-04-27 15:50:20,190 WARN org.springframework.web.servlet.mvc.method.annotation.ExceptionHandlerExceptionResolver [http-nio-8081-exec-1] Resolved [org.springframework.http.converter.HttpMessageNotReadableException: Required request body is missing: public org.springframework.http.ResponseEntity<?> com.cg.practice.courses.courses.controller.StaffLoginController.signIn(com.cg.practice.courses.courses.entity.StaffLogin) throws com.cg.practice.courses.courses.exception.ResourceNotFoundException]
2021-04-27 15:50:23,050 WARN org.springframework.web.servlet.mvc.method.annotation.ExceptionHandlerExceptionResolver [http-nio-8081-exec-2] Resolved [org.springframework.http.converter.HttpMessageNotReadableException: Required request body is missing: public org.springframework.http.ResponseEntity<?> com.cg.practice.courses.courses.controller.StaffLoginController.signIn(com.cg.practice.courses.courses.entity.StaffLogin) throws com.cg.practice.courses.courses.exception.ResourceNotFoundException]
2021-04-27 15:50:44,542 WARN org.springframework.web.servlet.mvc.method.annotation.ExceptionHandlerExceptionResolver [http-nio-8081-exec-3] Resolved [org.springframework.http.converter.HttpMessageNotReadableException: Required request body is missing: public org.springframework.http.ResponseEntity<?> com.cg.practice.courses.courses.controller.StaffLoginController.signIn(com.cg.practice.courses.courses.entity.StaffLogin) throws com.cg.practice.courses.courses.exception.ResourceNotFoundException]
2021-04-27 15:52:05,252 INFO org.springframework.scheduling.concurrent.ThreadPoolTaskExecutor [Thread-35] Shutting down ExecutorService 'applicationTaskExecutor'
2021-04-27 15:52:05,268 INFO org.springframework.orm.jpa.LocalContainerEntityManagerFactoryBean [Thread-35] Closing JPA EntityManagerFactory for persistence unit 'default'
2021-04-27 15:52:05,367 INFO com.zaxxer.hikari.HikariDataSource [Thread-35] HikariPool-6 - Shutdown initiated...
2021-04-27 15:52:05,463 INFO com.zaxxer.hikari.HikariDataSource [Thread-35] HikariPool-6 - Shutdown completed.
2021-04-27 15:52:07,248 INFO com.cg.practice.courses.courses.CoursesApplication [restartedMain] Starting CoursesApplication using Java 15.0.1 on LIN51010587 with PID 15760 (C:\Users\ASMANE\Downloads\courses\target\classes started by asmane in C:\Users\ASMANE\Downloads\courses)
2021-04-27 15:52:07,251 DEBUG com.cg.practice.courses.courses.CoursesApplication [restartedMain] Running with Spring Boot v2.4.2, Spring v5.3.3
2021-04-27 15:52:07,252 INFO com.cg.practice.courses.courses.CoursesApplication [restartedMain] No active profile set, falling back to default profiles: default
2021-04-27 15:52:08,898 INFO org.springframework.data.repository.config.RepositoryConfigurationDelegate [restartedMain] Bootstrapping Spring Data JPA repositories in DEFAULT mode.
2021-04-27 15:52:08,948 INFO org.springframework.data.repository.config.RepositoryConfigurationDelegate [restartedMain] Finished Spring Data repository scanning in 48 ms. Found 5 JPA repository interfaces.
2021-04-27 15:52:09,370 INFO org.springframework.boot.web.embedded.tomcat.TomcatWebServer [restartedMain] Tomcat initialized with port(s): 8081 (http)
2021-04-27 15:52:09,373 INFO org.apache.coyote.http11.Http11NioProtocol [restartedMain] Initializing ProtocolHandler ["http-nio-8081"]
2021-04-27 15:52:09,374 INFO org.apache.catalina.core.StandardService [restartedMain] Starting service [Tomcat]
2021-04-27 15:52:09,375 INFO org.apache.catalina.core.StandardEngine [restartedMain] Starting Servlet engine: [Apache Tomcat/9.0.41]
2021-04-27 15:52:09,548 INFO org.apache.catalina.core.ContainerBase.[Tomcat].[localhost].[/springfox] [restartedMain] Initializing Spring embedded WebApplicationContext
2021-04-27 15:52:09,549 INFO org.springframework.boot.web.servlet.context.ServletWebServerApplicationContext [restartedMain] Root WebApplicationContext: initialization completed in 2275 ms
2021-04-27 15:52:09,663 INFO org.hibernate.jpa.internal.util.LogHelper [restartedMain] HHH000204: Processing PersistenceUnitInfo [name: default]
2021-04-27 15:52:09,687 INFO com.zaxxer.hikari.HikariDataSource [restartedMain] HikariPool-7 - Starting...
2021-04-27 15:52:10,268 INFO com.zaxxer.hikari.HikariDataSource [restartedMain] HikariPool-7 - Start completed.
2021-04-27 15:52:10,270 INFO org.hibernate.dialect.Dialect [restartedMain] HHH000400: Using dialect: org.hibernate.dialect.PostgreSQL10Dialect
2021-04-27 15:52:10,982 INFO org.hibernate.engine.transaction.jta.platform.internal.JtaPlatformInitiator [restartedMain] HHH000490: Using JtaPlatform implementation: [org.hibernate.engine.transaction.jta.platform.internal.NoJtaPlatform]
2021-04-27 15:52:10,984 INFO org.springframework.orm.jpa.LocalContainerEntityManagerFactoryBean [restartedMain] Initialized JPA EntityManagerFactory for persistence unit 'default'
2021-04-27 15:52:11,003 INFO org.springframework.boot.devtools.autoconfigure.OptionalLiveReloadServer [restartedMain] LiveReload server is running on port 35729
2021-04-27 15:52:11,365 WARN org.springframework.boot.autoconfigure.orm.jpa.JpaBaseConfiguration$JpaWebConfiguration [restartedMain] spring.jpa.open-in-view is enabled by default. Therefore, database queries may be performed during view rendering. Explicitly configure spring.jpa.open-in-view to disable this warning
2021-04-27 15:52:11,513 INFO org.springframework.scheduling.concurrent.ThreadPoolTaskExecutor [restartedMain] Initializing ExecutorService 'applicationTaskExecutor'
2021-04-27 15:52:11,631 INFO org.apache.coyote.http11.Http11NioProtocol [restartedMain] Starting ProtocolHandler ["http-nio-8081"]
2021-04-27 15:52:11,656 INFO org.springframework.boot.web.embedded.tomcat.TomcatWebServer [restartedMain] Tomcat started on port(s): 8081 (http) with context path '/springfox'
2021-04-27 15:52:12,048 INFO com.cg.practice.courses.courses.CoursesApplication [restartedMain] Started CoursesApplication in 5.044 seconds (JVM running for 8325.496)
2021-04-27 15:52:12,051 INFO org.springframework.boot.devtools.autoconfigure.ConditionEvaluationDeltaLoggingListener [restartedMain] Condition evaluation unchanged
2021-04-27 15:52:35,306 INFO org.apache.catalina.core.ContainerBase.[Tomcat].[localhost].[/springfox] [http-nio-8081-exec-1] Initializing Spring DispatcherServlet 'dispatcherServlet'
2021-04-27 15:52:35,307 INFO org.springframework.web.servlet.DispatcherServlet [http-nio-8081-exec-1] Initializing Servlet 'dispatcherServlet'
2021-04-27 15:52:35,311 INFO org.springframework.web.servlet.DispatcherServlet [http-nio-8081-exec-1] Completed initialization in 3 ms
2021-04-27 15:52:35,318 WARN org.springframework.web.servlet.mvc.method.annotation.ExceptionHandlerExceptionResolver [http-nio-8081-exec-1] Resolved [org.springframework.http.converter.HttpMessageNotReadableException: Required request body is missing: public org.springframework.http.ResponseEntity<?> com.cg.practice.courses.courses.controller.StaffLoginController.signIn(com.cg.practice.courses.courses.entity.StaffLogin) throws com.cg.practice.courses.courses.exception.ResourceNotFoundException]
2021-04-27 15:53:43,197 WARN org.springframework.web.servlet.mvc.method.annotation.ExceptionHandlerExceptionResolver [http-nio-8081-exec-2] Resolved [org.springframework.http.converter.HttpMessageNotReadableException: Required request body is missing: public org.springframework.http.ResponseEntity<?> com.cg.practice.courses.courses.controller.StaffLoginController.signIn(com.cg.practice.courses.courses.entity.StaffLogin) throws com.cg.practice.courses.courses.exception.ResourceNotFoundException]
2021-04-27 15:54:02,863 WARN org.springframework.web.servlet.mvc.method.annotation.ExceptionHandlerExceptionResolver [http-nio-8081-exec-3] Resolved [org.springframework.http.converter.HttpMessageNotReadableException: Required request body is missing: public org.springframework.http.ResponseEntity<?> com.cg.practice.courses.courses.controller.StaffLoginController.signIn(com.cg.practice.courses.courses.entity.StaffLogin) throws com.cg.practice.courses.courses.exception.ResourceNotFoundException]
2021-04-27 15:54:40,296 WARN org.springframework.web.servlet.mvc.method.annotation.ExceptionHandlerExceptionResolver [http-nio-8081-exec-4] Resolved [org.springframework.http.converter.HttpMessageNotReadableException: Required request body is missing: public org.springframework.http.ResponseEntity<?> com.cg.practice.courses.courses.controller.StaffLoginController.signIn(com.cg.practice.courses.courses.entity.StaffLogin) throws com.cg.practice.courses.courses.exception.ResourceNotFoundException]
2021-04-27 15:57:10,178 WARN org.springframework.web.servlet.mvc.method.annotation.ExceptionHandlerExceptionResolver [http-nio-8081-exec-5] Resolved [org.springframework.http.converter.HttpMessageNotReadableException: Required request body is missing: public org.springframework.http.ResponseEntity<?> com.cg.practice.courses.courses.controller.StaffLoginController.signIn(com.cg.practice.courses.courses.entity.StaffLogin) throws com.cg.practice.courses.courses.exception.ResourceNotFoundException]
2021-04-27 15:57:12,455 WARN org.springframework.web.servlet.mvc.method.annotation.ExceptionHandlerExceptionResolver [http-nio-8081-exec-6] Resolved [org.springframework.http.converter.HttpMessageNotReadableException: Required request body is missing: public org.springframework.http.ResponseEntity<?> com.cg.practice.courses.courses.controller.StaffLoginController.signIn(com.cg.practice.courses.courses.entity.StaffLogin) throws com.cg.practice.courses.courses.exception.ResourceNotFoundException]
2021-04-27 17:56:33,600 WARN com.zaxxer.hikari.pool.HikariPool [HikariPool-7 housekeeper] HikariPool-7 - Thread starvation or clock leap detected (housekeeper delta=27m20s891ms286s600ns).
2021-04-27 17:58:07,668 INFO com.cg.practice.courses.courses.controller.CoursesController [http-nio-8081-exec-7] Returning all courses details
2021-04-27 17:58:23,845 INFO com.cg.practice.courses.courses.controller.CoursesController [http-nio-8081-exec-10] Returning all courses details
2021-04-27 17:58:27,390 INFO com.cg.practice.courses.courses.controller.CoursesController [http-nio-8081-exec-3] Returning all courses details
2021-04-27 17:58:29,168 WARN org.springframework.web.servlet.mvc.method.annotation.ExceptionHandlerExceptionResolver [http-nio-8081-exec-4] Resolved [org.springframework.web.method.annotation.MethodArgumentTypeMismatchException: Failed to convert value of type 'java.lang.String' to required type 'java.lang.Integer'; nested exception is java.lang.NumberFormatException: For input string: "undefined"]
2021-04-27 17:58:32,089 INFO com.cg.practice.courses.courses.controller.CoursesController [http-nio-8081-exec-5] Returning all courses details
2021-04-27 17:58:35,424 INFO com.cg.practice.courses.courses.controller.CoursesController [http-nio-8081-exec-8] Course: 11 deleted from database
2021-04-27 17:59:11,066 INFO com.cg.practice.courses.courses.controller.CoursesController [http-nio-8081-exec-1] Course:13 added to database
2021-04-27 17:59:11,127 INFO com.cg.practice.courses.courses.controller.CoursesController [http-nio-8081-exec-2] Returning all courses details
2021-04-27 17:59:33,876 INFO com.cg.practice.courses.courses.controller.StaffController [http-nio-8081-exec-4] Returning all staff details
2021-04-27 17:59:39,570 WARN org.springframework.web.servlet.mvc.method.annotation.ExceptionHandlerExceptionResolver [http-nio-8081-exec-6] Resolved [org.springframework.web.bind.MissingPathVariableException: Missing URI template variable 'staffId' for method parameter of type Integer]
2021-04-27 17:59:42,533 INFO com.cg.practice.courses.courses.controller.StaffController [http-nio-8081-exec-7] Returning all staff details
2021-04-27 18:00:05,813 INFO com.cg.practice.courses.courses.controller.CoursesController [http-nio-8081-exec-9] Returning all courses details
2021-04-27 18:00:07,392 INFO com.cg.practice.courses.courses.controller.CoursesController [http-nio-8081-exec-1] Returning all courses details
